<?xml version="1.0" encoding="UTF-8"?>
<testsuites tests="155" failures="0" disabled="0" errors="0" time="21.37" timestamp="2025-10-01T22:50:33.414" name="AllTests">
  <testsuite name="UnifiedObservableConfigTest" tests="9" failures="0" disabled="0" skipped="0" errors="0" time="0.016" timestamp="2025-10-01T22:50:33.414">
    <testcase name="CreateAndRetrieveProperties" file="/Users/vinaysharma/developer/dedup_server/tests/unit/test_unified_observable_config.cpp" line="46" status="run" result="completed" time="0." timestamp="2025-10-01T22:50:33.414" classname="UnifiedObservableConfigTest" />
    <testcase name="PropertyValueChanges" file="/Users/vinaysharma/developer/dedup_server/tests/unit/test_unified_observable_config.cpp" line="78" status="run" result="completed" time="0.014" timestamp="2025-10-01T22:50:33.414" classname="UnifiedObservableConfigTest" />
    <testcase name="ValidationCallbacks" file="/Users/vinaysharma/developer/dedup_server/tests/unit/test_unified_observable_config.cpp" line="108" status="run" result="completed" time="0." timestamp="2025-10-01T22:50:33.429" classname="UnifiedObservableConfigTest" />
    <testcase name="StringConversion" file="/Users/vinaysharma/developer/dedup_server/tests/unit/test_unified_observable_config.cpp" line="135" status="run" result="completed" time="0." timestamp="2025-10-01T22:50:33.429" classname="UnifiedObservableConfigTest" />
    <testcase name="ResetToDefaults" file="/Users/vinaysharma/developer/dedup_server/tests/unit/test_unified_observable_config.cpp" line="159" status="run" result="completed" time="0." timestamp="2025-10-01T22:50:33.429" classname="UnifiedObservableConfigTest" />
    <testcase name="ConfigurationPersistence" file="/Users/vinaysharma/developer/dedup_server/tests/unit/test_unified_observable_config.cpp" line="178" status="run" result="completed" time="0." timestamp="2025-10-01T22:50:33.429" classname="UnifiedObservableConfigTest" />
    <testcase name="PropertyManagement" file="/Users/vinaysharma/developer/dedup_server/tests/unit/test_unified_observable_config.cpp" line="205" status="run" result="completed" time="0." timestamp="2025-10-01T22:50:33.430" classname="UnifiedObservableConfigTest" />
    <testcase name="ConfigurationStatus" file="/Users/vinaysharma/developer/dedup_server/tests/unit/test_unified_observable_config.cpp" line="227" status="run" result="completed" time="0." timestamp="2025-10-01T22:50:33.430" classname="UnifiedObservableConfigTest" />
    <testcase name="ConcurrentAccess" file="/Users/vinaysharma/developer/dedup_server/tests/unit/test_unified_observable_config.cpp" line="243" status="run" result="completed" time="0." timestamp="2025-10-01T22:50:33.430" classname="UnifiedObservableConfigTest" />
  </testsuite>
  <testsuite name="ConsoleInputManagerTest" tests="2" failures="0" disabled="0" skipped="0" errors="0" time="0.022" timestamp="2025-10-01T22:50:33.431">
    <testcase name="ProcessesHelpCommand" file="/Users/vinaysharma/developer/dedup_server/tests/unit/test_console_input_manager.cpp" line="11" status="run" result="completed" time="0.01" timestamp="2025-10-01T22:50:33.431" classname="ConsoleInputManagerTest" />
    <testcase name="ProcessesExitCommand" file="/Users/vinaysharma/developer/dedup_server/tests/unit/test_console_input_manager.cpp" line="32" status="run" result="completed" time="0.012" timestamp="2025-10-01T22:50:33.441" classname="ConsoleInputManagerTest" />
  </testsuite>
  <testsuite name="DatabaseServiceTest" tests="2" failures="0" disabled="0" skipped="0" errors="0" time="0.001" timestamp="2025-10-01T22:50:33.454">
    <testcase name="CreatesDatabaseFileAtConfiguredPath" file="/Users/vinaysharma/developer/dedup_server/tests/unit/test_database_service.cpp" line="13" status="run" result="completed" time="0." timestamp="2025-10-01T22:50:33.454" classname="DatabaseServiceTest" />
    <testcase name="CreatesParentDirectoriesIfMissing" file="/Users/vinaysharma/developer/dedup_server/tests/unit/test_database_service.cpp" line="36" status="run" result="completed" time="0." timestamp="2025-10-01T22:50:33.454" classname="DatabaseServiceTest" />
  </testsuite>
  <testsuite name="UserSettingsServiceTest" tests="4" failures="0" disabled="0" skipped="0" errors="0" time="0.015" timestamp="2025-10-01T22:50:33.455">
    <testcase name="CrudLifecycle" file="/Users/vinaysharma/developer/dedup_server/tests/unit/test_user_settings_service.cpp" line="11" status="run" result="completed" time="0.011" timestamp="2025-10-01T22:50:33.455" classname="UserSettingsServiceTest" />
    <testcase name="RegisterAndListMediaLocations" file="/Users/vinaysharma/developer/dedup_server/tests/unit/test_user_settings_service.cpp" line="42" status="run" result="completed" time="0.001" timestamp="2025-10-01T22:50:33.467" classname="UserSettingsServiceTest" />
    <testcase name="OverwriteSamePathByCaseInsensitiveKey" file="/Users/vinaysharma/developer/dedup_server/tests/unit/test_user_settings_service.cpp" line="63" status="run" result="completed" time="0.001" timestamp="2025-10-01T22:50:33.468" classname="UserSettingsServiceTest" />
    <testcase name="DeregisterMediaLocation" file="/Users/vinaysharma/developer/dedup_server/tests/unit/test_user_settings_service.cpp" line="82" status="run" result="completed" time="0.001" timestamp="2025-10-01T22:50:33.469" classname="UserSettingsServiceTest" />
  </testsuite>
  <testsuite name="ScannedFilesOpsTest" tests="2" failures="0" disabled="0" skipped="0" errors="0" time="0.006" timestamp="2025-10-01T22:50:33.471">
    <testcase name="CrudAndProcessingStates" file="/Users/vinaysharma/developer/dedup_server/tests/unit/test_scanned_files_ops.cpp" line="27" status="run" result="completed" time="0.003" timestamp="2025-10-01T22:50:33.471" classname="ScannedFilesOpsTest" />
    <testcase name="CountMethodVerification" file="/Users/vinaysharma/developer/dedup_server/tests/unit/test_scanned_files_ops.cpp" line="83" status="run" result="completed" time="0.003" timestamp="2025-10-01T22:50:33.474" classname="ScannedFilesOpsTest" />
  </testsuite>
  <testsuite name="ImageArtifactsOpsTest" tests="1" failures="0" disabled="0" skipped="0" errors="0" time="0.001" timestamp="2025-10-01T22:50:33.477">
    <testcase name="BasicTest" file="/Users/vinaysharma/developer/dedup_server/tests/unit/test_image_artifacts_ops.cpp" line="24" status="run" result="completed" time="0.001" timestamp="2025-10-01T22:50:33.477" classname="ImageArtifactsOpsTest" />
  </testsuite>
  <testsuite name="ThreadPoolManagerTest" tests="7" failures="0" disabled="0" skipped="0" errors="0" time="0.967" timestamp="2025-10-01T22:50:33.479">
    <testcase name="SchedulesWithSharesAndDrains" file="/Users/vinaysharma/developer/dedup_server/tests/unit/test_tpm.cpp" line="12" status="run" result="completed" time="0.055" timestamp="2025-10-01T22:50:33.479" classname="ThreadPoolManagerTest" />
    <testcase name="RespectsPerTypeSharesAtConcurrency" file="/Users/vinaysharma/developer/dedup_server/tests/unit/test_tpm.cpp" line="46" status="run" result="completed" time="0.012" timestamp="2025-10-01T22:50:33.534" classname="ThreadPoolManagerTest" />
    <testcase name="IdleTimeoutConfiguration_DefaultValue_Is120Seconds" file="/Users/vinaysharma/developer/dedup_server/tests/unit/test_tpm.cpp" line="99" status="run" result="completed" time="0." timestamp="2025-10-01T22:50:33.547" classname="ThreadPoolManagerTest" />
    <testcase name="IdleTimeoutConfiguration_ChangeValue_RecreatesThreadPool" file="/Users/vinaysharma/developer/dedup_server/tests/unit/test_tpm.cpp" line="114" status="run" result="completed" time="0.146" timestamp="2025-10-01T22:50:33.547" classname="ThreadPoolManagerTest" />
    <testcase name="IdleTimeoutConfiguration_InvalidValue_KeepsCurrentValue" file="/Users/vinaysharma/developer/dedup_server/tests/unit/test_tpm.cpp" line="158" status="run" result="completed" time="0.119" timestamp="2025-10-01T22:50:33.694" classname="ThreadPoolManagerTest" />
    <testcase name="GetQueueDepth" file="/Users/vinaysharma/developer/dedup_server/tests/unit/test_tpm.cpp" line="191" status="run" result="completed" time="0.216" timestamp="2025-10-01T22:50:33.813" classname="ThreadPoolManagerTest" />
    <testcase name="GetAllQueueDepths" file="/Users/vinaysharma/developer/dedup_server/tests/unit/test_tpm.cpp" line="234" status="run" result="completed" time="0.416" timestamp="2025-10-01T22:50:34.030" classname="ThreadPoolManagerTest" />
  </testsuite>
  <testsuite name="FileScannerTest" tests="2" failures="0" disabled="0" skipped="0" errors="0" time="0.003" timestamp="2025-10-01T22:50:34.446">
    <testcase name="RootMissingEmitsOneError" file="/Users/vinaysharma/developer/dedup_server/tests/unit/test_file_scanner.cpp" line="11" status="run" result="completed" time="0." timestamp="2025-10-01T22:50:34.446" classname="FileScannerTest" />
    <testcase name="EnumeratesNonRecursive" file="/Users/vinaysharma/developer/dedup_server/tests/unit/test_file_scanner.cpp" line="20" status="run" result="completed" time="0.003" timestamp="2025-10-01T22:50:34.446" classname="FileScannerTest" />
  </testsuite>
  <testsuite name="DiskCacheTest" tests="19" failures="0" disabled="0" skipped="0" errors="0" time="1.011" timestamp="2025-10-01T22:50:34.450">
    <testcase name="InitializeCreatesDirectory" file="/Users/vinaysharma/developer/dedup_server/tests/unit/test_disk_cache.cpp" line="89" status="run" result="completed" time="0.01" timestamp="2025-10-01T22:50:34.450" classname="DiskCacheTest" />
    <testcase name="InitializeClearsExistingCache" file="/Users/vinaysharma/developer/dedup_server/tests/unit/test_disk_cache.cpp" line="98" status="run" result="completed" time="0.004" timestamp="2025-10-01T22:50:34.460" classname="DiskCacheTest" />
    <testcase name="CopyToCache_Success" file="/Users/vinaysharma/developer/dedup_server/tests/unit/test_disk_cache.cpp" line="113" status="run" result="completed" time="0.005" timestamp="2025-10-01T22:50:34.465" classname="DiskCacheTest" />
    <testcase name="CopyToCache_NonExistentFile" file="/Users/vinaysharma/developer/dedup_server/tests/unit/test_disk_cache.cpp" line="129" status="run" result="completed" time="0.002" timestamp="2025-10-01T22:50:34.470" classname="DiskCacheTest" />
    <testcase name="CopyToCache_OverwritesSameName" file="/Users/vinaysharma/developer/dedup_server/tests/unit/test_disk_cache.cpp" line="137" status="run" result="completed" time="0.004" timestamp="2025-10-01T22:50:34.473" classname="DiskCacheTest" />
    <testcase name="SaveStreamToCache_Success" file="/Users/vinaysharma/developer/dedup_server/tests/unit/test_disk_cache.cpp" line="159" status="run" result="completed" time="0.004" timestamp="2025-10-01T22:50:34.478" classname="DiskCacheTest" />
    <testcase name="DeleteFromCache_Success" file="/Users/vinaysharma/developer/dedup_server/tests/unit/test_disk_cache.cpp" line="178" status="run" result="completed" time="0.005" timestamp="2025-10-01T22:50:34.482" classname="DiskCacheTest" />
    <testcase name="ClearCache_RemovesAllFiles" file="/Users/vinaysharma/developer/dedup_server/tests/unit/test_disk_cache.cpp" line="201" status="run" result="completed" time="0.009" timestamp="2025-10-01T22:50:34.488" classname="DiskCacheTest" />
    <testcase name="EnforceSizeLimit_RemovesOldestFiles" file="/Users/vinaysharma/developer/dedup_server/tests/unit/test_disk_cache.cpp" line="234" status="run" result="completed" time="0.334" timestamp="2025-10-01T22:50:34.497" classname="DiskCacheTest" />
    <testcase name="FileLargerThanLimit_ClearsCacheAndAllows" file="/Users/vinaysharma/developer/dedup_server/tests/unit/test_disk_cache.cpp" line="263" status="run" result="completed" time="0.03" timestamp="2025-10-01T22:50:34.832" classname="DiskCacheTest" />
    <testcase name="ConfigChange_Location_UpdatesCache" file="/Users/vinaysharma/developer/dedup_server/tests/unit/test_disk_cache.cpp" line="293" status="run" result="completed" time="0.107" timestamp="2025-10-01T22:50:34.862" classname="DiskCacheTest" />
    <testcase name="ConfigChange_SizeLimit_EnforcesNewLimit" file="/Users/vinaysharma/developer/dedup_server/tests/unit/test_disk_cache.cpp" line="314" status="run" result="completed" time="0.432" timestamp="2025-10-01T22:50:34.970" classname="DiskCacheTest" />
    <testcase name="ThreadSafety_ConcurrentOperations" file="/Users/vinaysharma/developer/dedup_server/tests/unit/test_disk_cache.cpp" line="345" status="run" result="completed" time="0.033" timestamp="2025-10-01T22:50:35.402" classname="DiskCacheTest" />
    <testcase name="GetCurrentSizeMB_ReturnsCorrectSize" file="/Users/vinaysharma/developer/dedup_server/tests/unit/test_disk_cache.cpp" line="378" status="run" result="completed" time="0.006" timestamp="2025-10-01T22:50:35.435" classname="DiskCacheTest" />
    <testcase name="GetSizeLimitMB_ReturnsConfiguredLimit" file="/Users/vinaysharma/developer/dedup_server/tests/unit/test_disk_cache.cpp" line="394" status="run" result="completed" time="0.003" timestamp="2025-10-01T22:50:35.442" classname="DiskCacheTest" />
    <testcase name="GetCacheLocation_ReturnsCorrectPath" file="/Users/vinaysharma/developer/dedup_server/tests/unit/test_disk_cache.cpp" line="401" status="run" result="completed" time="0.002" timestamp="2025-10-01T22:50:35.445" classname="DiskCacheTest" />
    <testcase name="InitializeWithDefaultValues_Works" file="/Users/vinaysharma/developer/dedup_server/tests/unit/test_disk_cache.cpp" line="410" status="run" result="completed" time="0.004" timestamp="2025-10-01T22:50:35.448" classname="DiskCacheTest" />
    <testcase name="CacheClearedOnRestart" file="/Users/vinaysharma/developer/dedup_server/tests/unit/test_disk_cache.cpp" line="428" status="run" result="completed" time="0.003" timestamp="2025-10-01T22:50:35.452" classname="DiskCacheTest" />
    <testcase name="CacheOperations_NeverTouchSourceFiles" file="/Users/vinaysharma/developer/dedup_server/tests/unit/test_disk_cache.cpp" line="452" status="run" result="completed" time="0.005" timestamp="2025-10-01T22:50:35.455" classname="DiskCacheTest" />
  </testsuite>
  <testsuite name="SchedulerServiceTest" tests="1" failures="0" disabled="0" skipped="0" errors="0" time="0.318" timestamp="2025-10-01T22:50:35.461">
    <testcase name="StopPreventsFutureDispatch" file="/Users/vinaysharma/developer/dedup_server/tests/unit/test_scheduler_service.cpp" line="13" status="run" result="completed" time="0.318" timestamp="2025-10-01T22:50:35.461" classname="SchedulerServiceTest" />
  </testsuite>
  <testsuite name="FilesManagerTest" tests="1" failures="0" disabled="0" skipped="0" errors="0" time="0.001" timestamp="2025-10-01T22:50:35.780">
    <testcase name="NonOverlapRunOnce" file="/Users/vinaysharma/developer/dedup_server/tests/unit/test_files_manager_scheduler.cpp" line="16" status="run" result="completed" time="0.001" timestamp="2025-10-01T22:50:35.780" classname="FilesManagerTest" />
  </testsuite>
  <testsuite name="FilesServiceImmediateScanTest" tests="7" failures="0" disabled="0" skipped="0" errors="0" time="0.002" timestamp="2025-10-01T22:50:35.781">
    <testcase name="RegisterMediaLocation_TriggersCallback" file="/Users/vinaysharma/developer/dedup_server/tests/unit/test_files_service_immediate_scan.cpp" line="79" status="run" result="completed" time="0." timestamp="2025-10-01T22:50:35.781" classname="FilesServiceImmediateScanTest" />
    <testcase name="RegisterMediaLocation_WithCallbackDisabled_DoesNotTriggerCallback" file="/Users/vinaysharma/developer/dedup_server/tests/unit/test_files_service_immediate_scan.cpp" line="94" status="run" result="completed" time="0." timestamp="2025-10-01T22:50:35.782" classname="FilesServiceImmediateScanTest" />
    <testcase name="RegisterMediaLocation_WithoutCallback_DoesNotCrash" file="/Users/vinaysharma/developer/dedup_server/tests/unit/test_files_service_immediate_scan.cpp" line="123" status="run" result="completed" time="0." timestamp="2025-10-01T22:50:35.782" classname="FilesServiceImmediateScanTest" />
    <testcase name="IsImmediateJobTriggerEnabled_ReturnsCorrectValue" file="/Users/vinaysharma/developer/dedup_server/tests/unit/test_files_service_immediate_scan.cpp" line="137" status="run" result="completed" time="0." timestamp="2025-10-01T22:50:35.783" classname="FilesServiceImmediateScanTest" />
    <testcase name="RegisterMediaLocation_WithInvalidDirectory_DoesNotTriggerCallback" file="/Users/vinaysharma/developer/dedup_server/tests/unit/test_files_service_immediate_scan.cpp" line="150" status="run" result="completed" time="0." timestamp="2025-10-01T22:50:35.783" classname="FilesServiceImmediateScanTest" />
    <testcase name="CallbackException_DoesNotCrashRegistration" file="/Users/vinaysharma/developer/dedup_server/tests/unit/test_files_service_immediate_scan.cpp" line="164" status="run" result="completed" time="0." timestamp="2025-10-01T22:50:35.783" classname="FilesServiceImmediateScanTest" />
    <testcase name="MultipleRegistrations_TriggerCallbackEachTime" file="/Users/vinaysharma/developer/dedup_server/tests/unit/test_files_service_immediate_scan.cpp" line="186" status="run" result="completed" time="0." timestamp="2025-10-01T22:50:35.783" classname="FilesServiceImmediateScanTest" />
  </testsuite>
  <testsuite name="ScheduledJobsIndependenceTest" tests="2" failures="0" disabled="0" skipped="0" errors="0" time="7.302" timestamp="2025-10-01T22:50:35.783">
    <testcase name="ScheduledJobsContinueAfterOnDemandTrigger" file="/Users/vinaysharma/developer/dedup_server/tests/unit/test_scheduled_jobs_independence.cpp" line="56" status="run" result="completed" time="2.612" timestamp="2025-10-01T22:50:35.783" classname="ScheduledJobsIndependenceTest" />
    <testcase name="OnDemandTriggerDoesNotAffectScheduledTiming" file="/Users/vinaysharma/developer/dedup_server/tests/unit/test_scheduled_jobs_independence.cpp" line="90" status="run" result="completed" time="4.689" timestamp="2025-10-01T22:50:38.396" classname="ScheduledJobsIndependenceTest" />
  </testsuite>
  <testsuite name="PropertyManagerTest" tests="8" failures="0" disabled="0" skipped="0" errors="0" time="0." timestamp="2025-10-01T22:50:43.086">
    <testcase name="CreateAndRetrieveProperties" file="/Users/vinaysharma/developer/dedup_server/tests/unit/test_property_manager.cpp" line="26" status="run" result="completed" time="0." timestamp="2025-10-01T22:50:43.086" classname="PropertyManagerTest" />
    <testcase name="PropertyValueOperations" file="/Users/vinaysharma/developer/dedup_server/tests/unit/test_property_manager.cpp" line="52" status="run" result="completed" time="0." timestamp="2025-10-01T22:50:43.086" classname="PropertyManagerTest" />
    <testcase name="PropertyManagement" file="/Users/vinaysharma/developer/dedup_server/tests/unit/test_property_manager.cpp" line="66" status="run" result="completed" time="0." timestamp="2025-10-01T22:50:43.086" classname="PropertyManagerTest" />
    <testcase name="ResetToDefaults" file="/Users/vinaysharma/developer/dedup_server/tests/unit/test_property_manager.cpp" line="83" status="run" result="completed" time="0." timestamp="2025-10-01T22:50:43.086" classname="PropertyManagerTest" />
    <testcase name="ClearProperties" file="/Users/vinaysharma/developer/dedup_server/tests/unit/test_property_manager.cpp" line="105" status="run" result="completed" time="0." timestamp="2025-10-01T22:50:43.086" classname="PropertyManagerTest" />
    <testcase name="ThreadSafety" file="/Users/vinaysharma/developer/dedup_server/tests/unit/test_property_manager.cpp" line="126" status="run" result="completed" time="0." timestamp="2025-10-01T22:50:43.086" classname="PropertyManagerTest" />
    <testcase name="PropertyOverwrite" file="/Users/vinaysharma/developer/dedup_server/tests/unit/test_property_manager.cpp" line="174" status="run" result="completed" time="0." timestamp="2025-10-01T22:50:43.086" classname="PropertyManagerTest" />
    <testcase name="DifferentPropertyTypes" file="/Users/vinaysharma/developer/dedup_server/tests/unit/test_property_manager.cpp" line="192" status="run" result="completed" time="0." timestamp="2025-10-01T22:50:43.086" classname="PropertyManagerTest" />
  </testsuite>
  <testsuite name="SwaggerUIHandlerTest" tests="5" failures="0" disabled="0" skipped="0" errors="0" time="0.007" timestamp="2025-10-01T22:50:43.086">
    <testcase name="ConfigManager" file="/Users/vinaysharma/developer/dedup_server/tests/unit/test_swagger_ui_handler.cpp" line="71" status="run" result="completed" time="0.002" timestamp="2025-10-01T22:50:43.086" classname="SwaggerUIHandlerTest" />
    <testcase name="WebRootPathValidation" file="/Users/vinaysharma/developer/dedup_server/tests/unit/test_swagger_ui_handler.cpp" line="79" status="run" result="completed" time="0.002" timestamp="2025-10-01T22:50:43.089" classname="SwaggerUIHandlerTest" />
    <testcase name="SwaggerUIFileContentValidation" file="/Users/vinaysharma/developer/dedup_server/tests/unit/test_swagger_ui_handler.cpp" line="96" status="run" result="completed" time="0.001" timestamp="2025-10-01T22:50:43.091" classname="SwaggerUIHandlerTest" />
    <testcase name="RootEndpointRouting" file="/Users/vinaysharma/developer/dedup_server/tests/unit/test_swagger_ui_handler.cpp" line="277" status="run" result="completed" time="0.001" timestamp="2025-10-01T22:50:43.092" classname="SwaggerUIHandlerTest" />
    <testcase name="SwaggerUIAssetsRouting" file="/Users/vinaysharma/developer/dedup_server/tests/unit/test_swagger_ui_handler.cpp" line="285" status="run" result="completed" time="0." timestamp="2025-10-01T22:50:43.093" classname="SwaggerUIHandlerTest" />
  </testsuite>
  <testsuite name="StaticFileHandlerTest" tests="8" failures="0" disabled="0" skipped="0" errors="0" time="0.003" timestamp="2025-10-01T22:50:43.094">
    <testcase name="Constructor" file="/Users/vinaysharma/developer/dedup_server/tests/unit/test_swagger_ui_handler.cpp" line="162" status="run" result="completed" time="0." timestamp="2025-10-01T22:50:43.094" classname="StaticFileHandlerTest" />
    <testcase name="ConstructorWithInvalidPath" file="/Users/vinaysharma/developer/dedup_server/tests/unit/test_swagger_ui_handler.cpp" line="170" status="run" result="completed" time="0." timestamp="2025-10-01T22:50:43.094" classname="StaticFileHandlerTest" />
    <testcase name="ConstructorWithEmptyPath" file="/Users/vinaysharma/developer/dedup_server/tests/unit/test_swagger_ui_handler.cpp" line="178" status="run" result="completed" time="0." timestamp="2025-10-01T22:50:43.095" classname="StaticFileHandlerTest" />
    <testcase name="FileExistenceChecking" file="/Users/vinaysharma/developer/dedup_server/tests/unit/test_swagger_ui_handler.cpp" line="186" status="run" result="completed" time="0." timestamp="2025-10-01T22:50:43.096" classname="StaticFileHandlerTest" />
    <testcase name="DirectoryStructure" file="/Users/vinaysharma/developer/dedup_server/tests/unit/test_swagger_ui_handler.cpp" line="202" status="run" result="completed" time="0." timestamp="2025-10-01T22:50:43.096" classname="StaticFileHandlerTest" />
    <testcase name="FileContentValidation" file="/Users/vinaysharma/developer/dedup_server/tests/unit/test_swagger_ui_handler.cpp" line="216" status="run" result="completed" time="0." timestamp="2025-10-01T22:50:43.096" classname="StaticFileHandlerTest" />
    <testcase name="PathHandling" file="/Users/vinaysharma/developer/dedup_server/tests/unit/test_swagger_ui_handler.cpp" line="244" status="run" result="completed" time="0." timestamp="2025-10-01T22:50:43.097" classname="StaticFileHandlerTest" />
    <testcase name="MIMETypeDetection" file="/Users/vinaysharma/developer/dedup_server/tests/unit/test_swagger_ui_handler.cpp" line="258" status="run" result="completed" time="0." timestamp="2025-10-01T22:50:43.097" classname="StaticFileHandlerTest" />
  </testsuite>
  <testsuite name="MediaProcessorTest" tests="25" failures="0" disabled="0" skipped="0" errors="0" time="1.837" timestamp="2025-10-01T22:50:43.098">
    <testcase name="RouteToProcessor_SupportedImageFile_ReturnsTrue" file="/Users/vinaysharma/developer/dedup_server/tests/unit/test_media_processor.cpp" line="128" status="run" result="completed" time="0.004" timestamp="2025-10-01T22:50:43.098" classname="MediaProcessorTest" />
    <testcase name="RouteToProcessor_UnsupportedFileType_ReturnsFalse" file="/Users/vinaysharma/developer/dedup_server/tests/unit/test_media_processor.cpp" line="137" status="run" result="completed" time="0.003" timestamp="2025-10-01T22:50:43.102" classname="MediaProcessorTest" />
    <testcase name="RouteToProcessor_DisabledFileType_ReturnsFalse" file="/Users/vinaysharma/developer/dedup_server/tests/unit/test_media_processor.cpp" line="146" status="run" result="completed" time="0.005" timestamp="2025-10-01T22:50:43.106" classname="MediaProcessorTest" />
    <testcase name="RouteToProcessor_EmptyFilePath_ReturnsFalse" file="/Users/vinaysharma/developer/dedup_server/tests/unit/test_media_processor.cpp" line="155" status="run" result="completed" time="0.003" timestamp="2025-10-01T22:50:43.111" classname="MediaProcessorTest" />
    <testcase name="RouteToProcessor_NoExtension_ReturnsFalse" file="/Users/vinaysharma/developer/dedup_server/tests/unit/test_media_processor.cpp" line="164" status="run" result="completed" time="0.003" timestamp="2025-10-01T22:50:43.115" classname="MediaProcessorTest" />
    <testcase name="RouteToProcessor_CaseInsensitiveExtension_Works" file="/Users/vinaysharma/developer/dedup_server/tests/unit/test_media_processor.cpp" line="173" status="run" result="completed" time="0.003" timestamp="2025-10-01T22:50:43.118" classname="MediaProcessorTest" />
    <testcase name="RouteToProcessor_RawImageFormat_Works" file="/Users/vinaysharma/developer/dedup_server/tests/unit/test_media_processor.cpp" line="185" status="run" result="completed" time="0.004" timestamp="2025-10-01T22:50:43.122" classname="MediaProcessorTest" />
    <testcase name="RouteToProcessor_DifferentServerModes_Work" file="/Users/vinaysharma/developer/dedup_server/tests/unit/test_media_processor.cpp" line="194" status="run" result="completed" time="0.003" timestamp="2025-10-01T22:50:43.127" classname="MediaProcessorTest" />
    <testcase name="RouteToProcessor_ThreadSafety_Works" file="/Users/vinaysharma/developer/dedup_server/tests/unit/test_media_processor.cpp" line="214" status="run" result="completed" time="0.007" timestamp="2025-10-01T22:50:43.131" classname="MediaProcessorTest" />
    <testcase name="RouteToProcessor_InvalidServerMode_DefaultsToFast" file="/Users/vinaysharma/developer/dedup_server/tests/unit/test_media_processor.cpp" line="240" status="run" result="completed" time="0.003" timestamp="2025-10-01T22:50:43.138" classname="MediaProcessorTest" />
    <testcase name="RouteToProcessor_VideoFile_ReturnsTrue" file="/Users/vinaysharma/developer/dedup_server/tests/unit/test_media_processor.cpp" line="252" status="run" result="completed" time="0.003" timestamp="2025-10-01T22:50:43.142" classname="MediaProcessorTest" />
    <testcase name="RouteToProcessor_AudioFile_ReturnsTrue" file="/Users/vinaysharma/developer/dedup_server/tests/unit/test_media_processor.cpp" line="264" status="run" result="completed" time="0.003" timestamp="2025-10-01T22:50:43.145" classname="MediaProcessorTest" />
    <testcase name="RouteToProcessor_MultipleVideoFormats_Work" file="/Users/vinaysharma/developer/dedup_server/tests/unit/test_media_processor.cpp" line="276" status="run" result="completed" time="0.003" timestamp="2025-10-01T22:50:43.148" classname="MediaProcessorTest" />
    <testcase name="RouteToProcessor_MultipleAudioFormats_Work" file="/Users/vinaysharma/developer/dedup_server/tests/unit/test_media_processor.cpp" line="298" status="run" result="completed" time="0.003" timestamp="2025-10-01T22:50:43.152" classname="MediaProcessorTest" />
    <testcase name="ProcessMedia_NoUnprocessedFiles_CompletesSuccessfully" file="/Users/vinaysharma/developer/dedup_server/tests/unit/test_media_processor.cpp" line="394" status="run" result="completed" time="0.003" timestamp="2025-10-01T22:50:43.156" classname="MediaProcessorTest" />
    <testcase name="ProcessMedia_WithUnprocessedFiles_ProcessesSuccessfully" file="/Users/vinaysharma/developer/dedup_server/tests/unit/test_media_processor.cpp" line="403" status="run" result="completed" time="0.51" timestamp="2025-10-01T22:50:43.160" classname="MediaProcessorTest" />
    <testcase name="ProcessMedia_WithMixedProcessedFiles_OnlyProcessesUnprocessed" file="/Users/vinaysharma/developer/dedup_server/tests/unit/test_media_processor.cpp" line="441" status="run" result="completed" time="0.509" timestamp="2025-10-01T22:50:43.670" classname="MediaProcessorTest" />
    <testcase name="ProcessMedia_WithUnsupportedFiles_MarksAsFailed" file="/Users/vinaysharma/developer/dedup_server/tests/unit/test_media_processor.cpp" line="480" status="run" result="completed" time="0.513" timestamp="2025-10-01T22:50:44.180" classname="MediaProcessorTest" />
    <testcase name="ProcessMedia_DisabledInConfig_DoesNotProcess" file="/Users/vinaysharma/developer/dedup_server/tests/unit/test_media_processor.cpp" line="506" status="run" result="completed" time="0.006" timestamp="2025-10-01T22:50:44.693" classname="MediaProcessorTest" />
    <testcase name="GetAllSupportedMediaExtensions_ReturnsAllConfiguredExtensions" file="/Users/vinaysharma/developer/dedup_server/tests/unit/test_media_processor.cpp" line="532" status="run" result="completed" time="0.003" timestamp="2025-10-01T22:50:44.700" classname="MediaProcessorTest" />
    <testcase name="ClearProcessingFlags_WithNoProcessingFiles_ReturnsZero" file="/Users/vinaysharma/developer/dedup_server/tests/unit/test_media_processor.cpp" line="569" status="run" result="completed" time="0.003" timestamp="2025-10-01T22:50:44.703" classname="MediaProcessorTest" />
    <testcase name="ClearProcessingFlags_WithProcessingFiles_ClearsAllFlags" file="/Users/vinaysharma/developer/dedup_server/tests/unit/test_media_processor.cpp" line="581" status="run" result="completed" time="0.005" timestamp="2025-10-01T22:50:44.707" classname="MediaProcessorTest" />
    <testcase name="ClearProcessingFlags_WithMixedStates_OnlyClearsProcessingFlags" file="/Users/vinaysharma/developer/dedup_server/tests/unit/test_media_processor.cpp" line="651" status="run" result="completed" time="0.003" timestamp="2025-10-01T22:50:44.713" classname="MediaProcessorTest" />
    <testcase name="TranscodingConfigChange_ReactsToConfigChanges" file="/Users/vinaysharma/developer/dedup_server/tests/unit/test_media_processor.cpp" line="679" status="run" result="completed" time="0.159" timestamp="2025-10-01T22:50:44.716" classname="MediaProcessorTest" />
    <testcase name="TranscodingConfigChange_HandlesInvalidValues" file="/Users/vinaysharma/developer/dedup_server/tests/unit/test_media_processor.cpp" line="714" status="run" result="completed" time="0.059" timestamp="2025-10-01T22:50:44.876" classname="MediaProcessorTest" />
  </testsuite>
  <testsuite name="ImageProcessorTest" tests="4" failures="0" disabled="0" skipped="0" errors="0" time="0.016" timestamp="2025-10-01T22:50:44.935">
    <testcase name="ProcessFast_WithInvalidFile_ReturnsTrue" file="/Users/vinaysharma/developer/dedup_server/tests/unit/test_media_processor.cpp" line="352" status="run" result="completed" time="0.005" timestamp="2025-10-01T22:50:44.935" classname="ImageProcessorTest" />
    <testcase name="ProcessBalanced_WithInvalidFile_ReturnsFalse" file="/Users/vinaysharma/developer/dedup_server/tests/unit/test_media_processor.cpp" line="362" status="run" result="completed" time="0.004" timestamp="2025-10-01T22:50:44.940" classname="ImageProcessorTest" />
    <testcase name="ProcessQuality_WithInvalidFile_ReturnsFalse" file="/Users/vinaysharma/developer/dedup_server/tests/unit/test_media_processor.cpp" line="372" status="run" result="completed" time="0.002" timestamp="2025-10-01T22:50:44.945" classname="ImageProcessorTest" />
    <testcase name="ProcessMethods_WithEmptyPath_ReturnExpectedResults" file="/Users/vinaysharma/developer/dedup_server/tests/unit/test_media_processor.cpp" line="382" status="run" result="completed" time="0.003" timestamp="2025-10-01T22:50:44.947" classname="ImageProcessorTest" />
  </testsuite>
  <testsuite name="ImageMagickAdapterTest" tests="6" failures="0" disabled="0" skipped="0" errors="0" time="6.2" timestamp="2025-10-01T22:50:44.951">
    <testcase name="TranscodeToTiff_WithValidRawFiles_ReturnsTrue" file="/Users/vinaysharma/developer/dedup_server/tests/unit/test_image_magick_adapter.cpp" line="37" status="run" result="completed" time="3.226" timestamp="2025-10-01T22:50:44.951" classname="ImageMagickAdapterTest" />
    <testcase name="TranscodeToTiff_WithNonRawFiles_ReturnsTrue" file="/Users/vinaysharma/developer/dedup_server/tests/unit/test_image_magick_adapter.cpp" line="68" status="run" result="completed" time="0.738" timestamp="2025-10-01T22:50:48.178" classname="ImageMagickAdapterTest" />
    <testcase name="TranscodeToTiff_WithNonExistentFile_ReturnsFalse" file="/Users/vinaysharma/developer/dedup_server/tests/unit/test_image_magick_adapter.cpp" line="89" status="run" result="completed" time="0." timestamp="2025-10-01T22:50:48.916" classname="ImageMagickAdapterTest" />
    <testcase name="TranscodeToTiff_WithEmptyPath_ReturnsFalse" file="/Users/vinaysharma/developer/dedup_server/tests/unit/test_image_magick_adapter.cpp" line="100" status="run" result="completed" time="0." timestamp="2025-10-01T22:50:48.916" classname="ImageMagickAdapterTest" />
    <testcase name="TranscodeToTiff_ThreadSafety_ConcurrentCalls" file="/Users/vinaysharma/developer/dedup_server/tests/unit/test_image_magick_adapter.cpp" line="111" status="run" result="completed" time="1.885" timestamp="2025-10-01T22:50:48.916" classname="ImageMagickAdapterTest" />
    <testcase name="TranscodeToTiff_OutputDataIntegrity" file="/Users/vinaysharma/developer/dedup_server/tests/unit/test_image_magick_adapter.cpp" line="154" status="run" result="completed" time="0.349" timestamp="2025-10-01T22:50:50.802" classname="ImageMagickAdapterTest" />
  </testsuite>
  <testsuite name="RawFileDetectorTest" tests="7" failures="0" disabled="0" skipped="0" errors="0" time="0." timestamp="2025-10-01T22:50:51.151">
    <testcase name="IsRawFile_WithRawExtensions_ReturnsTrue" file="/Users/vinaysharma/developer/dedup_server/tests/unit/test_raw_file_detector.cpp" line="23" status="run" result="completed" time="0." timestamp="2025-10-01T22:50:51.151" classname="RawFileDetectorTest" />
    <testcase name="IsRawFile_WithNonRawExtensions_ReturnsFalse" file="/Users/vinaysharma/developer/dedup_server/tests/unit/test_raw_file_detector.cpp" line="38" status="run" result="completed" time="0." timestamp="2025-10-01T22:50:51.151" classname="RawFileDetectorTest" />
    <testcase name="IsRawFile_WithEmptyPath_ReturnsFalse" file="/Users/vinaysharma/developer/dedup_server/tests/unit/test_raw_file_detector.cpp" line="52" status="run" result="completed" time="0." timestamp="2025-10-01T22:50:51.151" classname="RawFileDetectorTest" />
    <testcase name="IsRawFile_WithNoExtension_ReturnsFalse" file="/Users/vinaysharma/developer/dedup_server/tests/unit/test_raw_file_detector.cpp" line="58" status="run" result="completed" time="0." timestamp="2025-10-01T22:50:51.151" classname="RawFileDetectorTest" />
    <testcase name="GetFileExtension_WithVariousPaths_ReturnsCorrectExtension" file="/Users/vinaysharma/developer/dedup_server/tests/unit/test_raw_file_detector.cpp" line="64" status="run" result="completed" time="0." timestamp="2025-10-01T22:50:51.151" classname="RawFileDetectorTest" />
    <testcase name="GetSupportedRawExtensions_ReturnsExpectedExtensions" file="/Users/vinaysharma/developer/dedup_server/tests/unit/test_raw_file_detector.cpp" line="74" status="run" result="completed" time="0." timestamp="2025-10-01T22:50:51.151" classname="RawFileDetectorTest" />
    <testcase name="IsRawFile_CaseInsensitive_Works" file="/Users/vinaysharma/developer/dedup_server/tests/unit/test_raw_file_detector.cpp" line="100" status="run" result="completed" time="0." timestamp="2025-10-01T22:50:51.151" classname="RawFileDetectorTest" />
  </testsuite>
  <testsuite name="TranscodingPipelineTest" tests="19" failures="0" disabled="0" skipped="0" errors="0" time="0.106" timestamp="2025-10-01T22:50:51.151">
    <testcase name="NeedsTranscoding_WithRawFiles_ReturnsTrue" file="/Users/vinaysharma/developer/dedup_server/tests/unit/test_transcoding_pipeline.cpp" line="33" status="run" result="completed" time="0." timestamp="2025-10-01T22:50:51.151" classname="TranscodingPipelineTest" />
    <testcase name="NeedsTranscoding_WithNonRawFiles_ReturnsFalse" file="/Users/vinaysharma/developer/dedup_server/tests/unit/test_transcoding_pipeline.cpp" line="45" status="run" result="completed" time="0." timestamp="2025-10-01T22:50:51.152" classname="TranscodingPipelineTest" />
    <testcase name="NeedsTranscoding_WithEmptyPath_ReturnsFalse" file="/Users/vinaysharma/developer/dedup_server/tests/unit/test_transcoding_pipeline.cpp" line="57" status="run" result="completed" time="0." timestamp="2025-10-01T22:50:51.152" classname="TranscodingPipelineTest" />
    <testcase name="GetDefaultConfig_ReturnsValidConfig" file="/Users/vinaysharma/developer/dedup_server/tests/unit/test_transcoding_pipeline.cpp" line="62" status="run" result="completed" time="0." timestamp="2025-10-01T22:50:51.152" classname="TranscodingPipelineTest" />
    <testcase name="TranscodeToMemory_WithDisabledConfig_ReturnsFalse" file="/Users/vinaysharma/developer/dedup_server/tests/unit/test_transcoding_pipeline.cpp" line="71" status="run" result="completed" time="0." timestamp="2025-10-01T22:50:51.152" classname="TranscodingPipelineTest" />
    <testcase name="TranscodeToMemory_WithNonRawFile_ReturnsFalse" file="/Users/vinaysharma/developer/dedup_server/tests/unit/test_transcoding_pipeline.cpp" line="87" status="run" result="completed" time="0." timestamp="2025-10-01T22:50:51.152" classname="TranscodingPipelineTest" />
    <testcase name="TranscodeToMemory_WithNonExistentFile_ReturnsFalse" file="/Users/vinaysharma/developer/dedup_server/tests/unit/test_transcoding_pipeline.cpp" line="103" status="run" result="completed" time="0." timestamp="2025-10-01T22:50:51.152" classname="TranscodingPipelineTest" />
    <testcase name="TranscodeToMemory_WithEmptyPath_ReturnsFalse" file="/Users/vinaysharma/developer/dedup_server/tests/unit/test_transcoding_pipeline.cpp" line="117" status="run" result="completed" time="0." timestamp="2025-10-01T22:50:51.152" classname="TranscodingPipelineTest" />
    <testcase name="TranscodeToMemory_WithValidRawFile_ReturnsTrue" file="/Users/vinaysharma/developer/dedup_server/tests/unit/test_transcoding_pipeline.cpp" line="129" status="run" result="completed" time="0." timestamp="2025-10-01T22:50:51.152" classname="TranscodingPipelineTest" />
    <testcase name="TranscodeToMemory_WithValidConfig_Works" file="/Users/vinaysharma/developer/dedup_server/tests/unit/test_transcoding_pipeline.cpp" line="154" status="run" result="completed" time="0." timestamp="2025-10-01T22:50:51.153" classname="TranscodingPipelineTest" />
    <testcase name="GetConfigFromManager_WithNullManager_ReturnsDefaultConfig" file="/Users/vinaysharma/developer/dedup_server/tests/unit/test_transcoding_pipeline.cpp" line="180" status="run" result="completed" time="0." timestamp="2025-10-01T22:50:51.153" classname="TranscodingPipelineTest" />
    <testcase name="GetConfigFromManager_WithValidManager_ReturnsLoadedConfig" file="/Users/vinaysharma/developer/dedup_server/tests/unit/test_transcoding_pipeline.cpp" line="191" status="run" result="completed" time="0.104" timestamp="2025-10-01T22:50:51.153" classname="TranscodingPipelineTest" />
    <testcase name="TranscodeToFile_WithDisabledConfig_ReturnsFalse" file="/Users/vinaysharma/developer/dedup_server/tests/unit/test_transcoding_pipeline.cpp" line="219" status="run" result="completed" time="0." timestamp="2025-10-01T22:50:51.258" classname="TranscodingPipelineTest" />
    <testcase name="TranscodeToFile_WithNonRawFile_ReturnsFalse" file="/Users/vinaysharma/developer/dedup_server/tests/unit/test_transcoding_pipeline.cpp" line="231" status="run" result="completed" time="0." timestamp="2025-10-01T22:50:51.258" classname="TranscodingPipelineTest" />
    <testcase name="TranscodeToFile_WithNonExistentFile_ReturnsFalse" file="/Users/vinaysharma/developer/dedup_server/tests/unit/test_transcoding_pipeline.cpp" line="243" status="run" result="completed" time="0." timestamp="2025-10-01T22:50:51.258" classname="TranscodingPipelineTest" />
    <testcase name="TranscodeToFile_WithEmptyPath_ReturnsFalse" file="/Users/vinaysharma/developer/dedup_server/tests/unit/test_transcoding_pipeline.cpp" line="255" status="run" result="completed" time="0." timestamp="2025-10-01T22:50:51.258" classname="TranscodingPipelineTest" />
    <testcase name="GenerateUniqueFilename_WithValidPath_ReturnsUniqueName" file="/Users/vinaysharma/developer/dedup_server/tests/unit/test_transcoding_pipeline.cpp" line="267" status="run" result="completed" time="0." timestamp="2025-10-01T22:50:51.258" classname="TranscodingPipelineTest" />
    <testcase name="GenerateUniqueFilename_WithEmptyPath_ReturnsEmpty" file="/Users/vinaysharma/developer/dedup_server/tests/unit/test_transcoding_pipeline.cpp" line="290" status="run" result="completed" time="0." timestamp="2025-10-01T22:50:51.258" classname="TranscodingPipelineTest" />
    <testcase name="GenerateUniqueFilename_WithNoExtension_Works" file="/Users/vinaysharma/developer/dedup_server/tests/unit/test_transcoding_pipeline.cpp" line="296" status="run" result="completed" time="0." timestamp="2025-10-01T22:50:51.258" classname="TranscodingPipelineTest" />
  </testsuite>
  <testsuite name="SchedulerConcurrencyTest" tests="5" failures="0" disabled="0" skipped="0" errors="0" time="0.863" timestamp="2025-10-01T22:50:51.258">
    <testcase name="TriggerJob_WhenNotRunning_ExecutesSuccessfully" file="/Users/vinaysharma/developer/dedup_server/tests/unit/test_scheduler_concurrency.cpp" line="41" status="run" result="completed" time="0.055" timestamp="2025-10-01T22:50:51.258" classname="SchedulerConcurrencyTest" />
    <testcase name="TriggerJob_WhenAlreadyRunning_SkipsExecution" file="/Users/vinaysharma/developer/dedup_server/tests/unit/test_scheduler_concurrency.cpp" line="75" status="run" result="completed" time="0.536" timestamp="2025-10-01T22:50:51.313" classname="SchedulerConcurrencyTest" />
    <testcase name="IsJobRunning_ReturnsCorrectState" file="/Users/vinaysharma/developer/dedup_server/tests/unit/test_scheduler_concurrency.cpp" line="118" status="run" result="completed" time="0.216" timestamp="2025-10-01T22:50:51.850" classname="SchedulerConcurrencyTest" />
    <testcase name="GetJobStatuses_ReturnsCorrectInformation" file="/Users/vinaysharma/developer/dedup_server/tests/unit/test_scheduler_concurrency.cpp" line="159" status="run" result="completed" time="0." timestamp="2025-10-01T22:50:52.066" classname="SchedulerConcurrencyTest" />
    <testcase name="ListJobs_ReturnsRegisteredJobs" file="/Users/vinaysharma/developer/dedup_server/tests/unit/test_scheduler_concurrency.cpp" line="175" status="run" result="completed" time="0.055" timestamp="2025-10-01T22:50:52.066" classname="SchedulerConcurrencyTest" />
  </testsuite>
  <testsuite name="QualityPipelineMemoryTest" tests="3" failures="0" disabled="0" skipped="0" errors="0" time="0." timestamp="2025-10-01T22:50:52.121">
    <testcase name="TestMemoryBasedProcessing" file="/Users/vinaysharma/developer/dedup_server/tests/unit/test_quality_pipeline_memory.cpp" line="52" status="run" result="completed" time="0." timestamp="2025-10-01T22:50:52.121" classname="QualityPipelineMemoryTest" />
    <testcase name="TestEmptyImageData" file="/Users/vinaysharma/developer/dedup_server/tests/unit/test_quality_pipeline_memory.cpp" line="74" status="run" result="completed" time="0." timestamp="2025-10-01T22:50:52.122" classname="QualityPipelineMemoryTest" />
    <testcase name="TestInvalidImageData" file="/Users/vinaysharma/developer/dedup_server/tests/unit/test_quality_pipeline_memory.cpp" line="88" status="run" result="completed" time="0." timestamp="2025-10-01T22:50:52.122" classname="QualityPipelineMemoryTest" />
  </testsuite>
  <testsuite name="OnnxSessionManagerTest" tests="6" failures="0" disabled="0" skipped="0" errors="0" time="2.661" timestamp="2025-10-01T22:50:52.122">
    <testcase name="InitializationAndShutdown" file="/Users/vinaysharma/developer/dedup_server/tests/unit/test_onnx_session_manager.cpp" line="12" status="run" result="completed" time="0." timestamp="2025-10-01T22:50:52.122" classname="OnnxSessionManagerTest" />
    <testcase name="SessionCreationAndReuse" file="/Users/vinaysharma/developer/dedup_server/tests/unit/test_onnx_session_manager.cpp" line="27" status="run" result="completed" time="0.22" timestamp="2025-10-01T22:50:52.122" classname="OnnxSessionManagerTest" />
    <testcase name="SessionPooling" file="/Users/vinaysharma/developer/dedup_server/tests/unit/test_onnx_session_manager.cpp" line="64" status="run" result="completed" time="0.35" timestamp="2025-10-01T22:50:52.343" classname="OnnxSessionManagerTest" />
    <testcase name="CacheDisabled" file="/Users/vinaysharma/developer/dedup_server/tests/unit/test_onnx_session_manager.cpp" line="99" status="run" result="completed" time="0.152" timestamp="2025-10-01T22:50:52.694" classname="OnnxSessionManagerTest" />
    <testcase name="ClearCache" file="/Users/vinaysharma/developer/dedup_server/tests/unit/test_onnx_session_manager.cpp" line="130" status="run" result="completed" time="0.164" timestamp="2025-10-01T22:50:52.846" classname="OnnxSessionManagerTest" />
    <testcase name="ThreadSafety" file="/Users/vinaysharma/developer/dedup_server/tests/unit/test_onnx_session_manager.cpp" line="162" status="run" result="completed" time="1.773" timestamp="2025-10-01T22:50:53.011" classname="OnnxSessionManagerTest" />
  </testsuite>
</testsuites>
