<?xml version="1.0" encoding="UTF-8"?>
<testsuites tests="19" failures="0" disabled="0" errors="0" time="0.119" timestamp="2025-10-02T20:51:36.307" name="AllTests">
  <testsuite name="TranscodingPipelineTest" tests="19" failures="0" disabled="0" skipped="0" errors="0" time="0.119" timestamp="2025-10-02T20:51:36.307">
    <testcase name="NeedsTranscoding_WithRawFiles_ReturnsTrue" file="/Users/vinaysharma/developer/dedup_server/tests/unit/test_transcoding_pipeline.cpp" line="33" status="run" result="completed" time="0." timestamp="2025-10-02T20:51:36.307" classname="TranscodingPipelineTest" />
    <testcase name="NeedsTranscoding_WithNonRawFiles_ReturnsFalse" file="/Users/vinaysharma/developer/dedup_server/tests/unit/test_transcoding_pipeline.cpp" line="45" status="run" result="completed" time="0." timestamp="2025-10-02T20:51:36.308" classname="TranscodingPipelineTest" />
    <testcase name="NeedsTranscoding_WithEmptyPath_ReturnsFalse" file="/Users/vinaysharma/developer/dedup_server/tests/unit/test_transcoding_pipeline.cpp" line="57" status="run" result="completed" time="0." timestamp="2025-10-02T20:51:36.308" classname="TranscodingPipelineTest" />
    <testcase name="GetDefaultConfig_ReturnsValidConfig" file="/Users/vinaysharma/developer/dedup_server/tests/unit/test_transcoding_pipeline.cpp" line="62" status="run" result="completed" time="0." timestamp="2025-10-02T20:51:36.308" classname="TranscodingPipelineTest" />
    <testcase name="TranscodeToMemory_WithDisabledConfig_ReturnsFalse" file="/Users/vinaysharma/developer/dedup_server/tests/unit/test_transcoding_pipeline.cpp" line="71" status="run" result="completed" time="0." timestamp="2025-10-02T20:51:36.308" classname="TranscodingPipelineTest" />
    <testcase name="TranscodeToMemory_WithNonRawFile_ReturnsFalse" file="/Users/vinaysharma/developer/dedup_server/tests/unit/test_transcoding_pipeline.cpp" line="87" status="run" result="completed" time="0." timestamp="2025-10-02T20:51:36.308" classname="TranscodingPipelineTest" />
    <testcase name="TranscodeToMemory_WithNonExistentFile_ReturnsFalse" file="/Users/vinaysharma/developer/dedup_server/tests/unit/test_transcoding_pipeline.cpp" line="103" status="run" result="completed" time="0." timestamp="2025-10-02T20:51:36.308" classname="TranscodingPipelineTest" />
    <testcase name="TranscodeToMemory_WithEmptyPath_ReturnsFalse" file="/Users/vinaysharma/developer/dedup_server/tests/unit/test_transcoding_pipeline.cpp" line="117" status="run" result="completed" time="0." timestamp="2025-10-02T20:51:36.308" classname="TranscodingPipelineTest" />
    <testcase name="TranscodeToMemory_WithValidRawFile_ReturnsTrue" file="/Users/vinaysharma/developer/dedup_server/tests/unit/test_transcoding_pipeline.cpp" line="129" status="run" result="completed" time="0.013" timestamp="2025-10-02T20:51:36.308" classname="TranscodingPipelineTest" />
    <testcase name="TranscodeToMemory_WithValidConfig_Works" file="/Users/vinaysharma/developer/dedup_server/tests/unit/test_transcoding_pipeline.cpp" line="154" status="run" result="completed" time="0." timestamp="2025-10-02T20:51:36.321" classname="TranscodingPipelineTest" />
    <testcase name="GetConfigFromManager_WithNullManager_ReturnsDefaultConfig" file="/Users/vinaysharma/developer/dedup_server/tests/unit/test_transcoding_pipeline.cpp" line="180" status="run" result="completed" time="0." timestamp="2025-10-02T20:51:36.322" classname="TranscodingPipelineTest" />
    <testcase name="GetConfigFromManager_WithValidManager_ReturnsLoadedConfig" file="/Users/vinaysharma/developer/dedup_server/tests/unit/test_transcoding_pipeline.cpp" line="191" status="run" result="completed" time="0.105" timestamp="2025-10-02T20:51:36.322" classname="TranscodingPipelineTest" />
    <testcase name="TranscodeToFile_WithDisabledConfig_ReturnsFalse" file="/Users/vinaysharma/developer/dedup_server/tests/unit/test_transcoding_pipeline.cpp" line="219" status="run" result="completed" time="0." timestamp="2025-10-02T20:51:36.427" classname="TranscodingPipelineTest" />
    <testcase name="TranscodeToFile_WithNonRawFile_ReturnsFalse" file="/Users/vinaysharma/developer/dedup_server/tests/unit/test_transcoding_pipeline.cpp" line="231" status="run" result="completed" time="0." timestamp="2025-10-02T20:51:36.427" classname="TranscodingPipelineTest" />
    <testcase name="TranscodeToFile_WithNonExistentFile_ReturnsFalse" file="/Users/vinaysharma/developer/dedup_server/tests/unit/test_transcoding_pipeline.cpp" line="243" status="run" result="completed" time="0." timestamp="2025-10-02T20:51:36.427" classname="TranscodingPipelineTest" />
    <testcase name="TranscodeToFile_WithEmptyPath_ReturnsFalse" file="/Users/vinaysharma/developer/dedup_server/tests/unit/test_transcoding_pipeline.cpp" line="255" status="run" result="completed" time="0." timestamp="2025-10-02T20:51:36.427" classname="TranscodingPipelineTest" />
    <testcase name="GenerateUniqueFilename_WithValidPath_ReturnsUniqueName" file="/Users/vinaysharma/developer/dedup_server/tests/unit/test_transcoding_pipeline.cpp" line="267" status="run" result="completed" time="0." timestamp="2025-10-02T20:51:36.427" classname="TranscodingPipelineTest" />
    <testcase name="GenerateUniqueFilename_WithEmptyPath_ReturnsEmpty" file="/Users/vinaysharma/developer/dedup_server/tests/unit/test_transcoding_pipeline.cpp" line="290" status="run" result="completed" time="0." timestamp="2025-10-02T20:51:36.427" classname="TranscodingPipelineTest" />
    <testcase name="GenerateUniqueFilename_WithNoExtension_Works" file="/Users/vinaysharma/developer/dedup_server/tests/unit/test_transcoding_pipeline.cpp" line="296" status="run" result="completed" time="0." timestamp="2025-10-02T20:51:36.427" classname="TranscodingPipelineTest" />
  </testsuite>
</testsuites>
