<?xml version="1.0" encoding="UTF-8"?>
<testsuites tests="147" failures="0" disabled="0" errors="0" time="20.882" timestamp="2025-10-01T21:36:27.590" name="AllTests">
  <testsuite name="UnifiedObservableConfigTest" tests="9" failures="0" disabled="0" skipped="0" errors="0" time="0.013" timestamp="2025-10-01T21:36:27.590">
    <testcase name="CreateAndRetrieveProperties" file="/Users/vinaysharma/developer/dedup_server/tests/unit/test_unified_observable_config.cpp" line="46" status="run" result="completed" time="0." timestamp="2025-10-01T21:36:27.590" classname="UnifiedObservableConfigTest" />
    <testcase name="PropertyValueChanges" file="/Users/vinaysharma/developer/dedup_server/tests/unit/test_unified_observable_config.cpp" line="78" status="run" result="completed" time="0.01" timestamp="2025-10-01T21:36:27.591" classname="UnifiedObservableConfigTest" />
    <testcase name="ValidationCallbacks" file="/Users/vinaysharma/developer/dedup_server/tests/unit/test_unified_observable_config.cpp" line="108" status="run" result="completed" time="0." timestamp="2025-10-01T21:36:27.602" classname="UnifiedObservableConfigTest" />
    <testcase name="StringConversion" file="/Users/vinaysharma/developer/dedup_server/tests/unit/test_unified_observable_config.cpp" line="135" status="run" result="completed" time="0." timestamp="2025-10-01T21:36:27.602" classname="UnifiedObservableConfigTest" />
    <testcase name="ResetToDefaults" file="/Users/vinaysharma/developer/dedup_server/tests/unit/test_unified_observable_config.cpp" line="159" status="run" result="completed" time="0." timestamp="2025-10-01T21:36:27.602" classname="UnifiedObservableConfigTest" />
    <testcase name="ConfigurationPersistence" file="/Users/vinaysharma/developer/dedup_server/tests/unit/test_unified_observable_config.cpp" line="178" status="run" result="completed" time="0." timestamp="2025-10-01T21:36:27.602" classname="UnifiedObservableConfigTest" />
    <testcase name="PropertyManagement" file="/Users/vinaysharma/developer/dedup_server/tests/unit/test_unified_observable_config.cpp" line="205" status="run" result="completed" time="0." timestamp="2025-10-01T21:36:27.603" classname="UnifiedObservableConfigTest" />
    <testcase name="ConfigurationStatus" file="/Users/vinaysharma/developer/dedup_server/tests/unit/test_unified_observable_config.cpp" line="227" status="run" result="completed" time="0." timestamp="2025-10-01T21:36:27.603" classname="UnifiedObservableConfigTest" />
    <testcase name="ConcurrentAccess" file="/Users/vinaysharma/developer/dedup_server/tests/unit/test_unified_observable_config.cpp" line="243" status="run" result="completed" time="0." timestamp="2025-10-01T21:36:27.603" classname="UnifiedObservableConfigTest" />
  </testsuite>
  <testsuite name="ConsoleInputManagerTest" tests="2" failures="0" disabled="0" skipped="0" errors="0" time="0.023" timestamp="2025-10-01T21:36:27.604">
    <testcase name="ProcessesHelpCommand" file="/Users/vinaysharma/developer/dedup_server/tests/unit/test_console_input_manager.cpp" line="11" status="run" result="completed" time="0.012" timestamp="2025-10-01T21:36:27.604" classname="ConsoleInputManagerTest" />
    <testcase name="ProcessesExitCommand" file="/Users/vinaysharma/developer/dedup_server/tests/unit/test_console_input_manager.cpp" line="32" status="run" result="completed" time="0.01" timestamp="2025-10-01T21:36:27.616" classname="ConsoleInputManagerTest" />
  </testsuite>
  <testsuite name="DatabaseServiceTest" tests="2" failures="0" disabled="0" skipped="0" errors="0" time="0.001" timestamp="2025-10-01T21:36:27.627">
    <testcase name="CreatesDatabaseFileAtConfiguredPath" file="/Users/vinaysharma/developer/dedup_server/tests/unit/test_database_service.cpp" line="13" status="run" result="completed" time="0." timestamp="2025-10-01T21:36:27.627" classname="DatabaseServiceTest" />
    <testcase name="CreatesParentDirectoriesIfMissing" file="/Users/vinaysharma/developer/dedup_server/tests/unit/test_database_service.cpp" line="36" status="run" result="completed" time="0." timestamp="2025-10-01T21:36:27.627" classname="DatabaseServiceTest" />
  </testsuite>
  <testsuite name="UserSettingsServiceTest" tests="4" failures="0" disabled="0" skipped="0" errors="0" time="0.011" timestamp="2025-10-01T21:36:27.628">
    <testcase name="CrudLifecycle" file="/Users/vinaysharma/developer/dedup_server/tests/unit/test_user_settings_service.cpp" line="11" status="run" result="completed" time="0.005" timestamp="2025-10-01T21:36:27.628" classname="UserSettingsServiceTest" />
    <testcase name="RegisterAndListMediaLocations" file="/Users/vinaysharma/developer/dedup_server/tests/unit/test_user_settings_service.cpp" line="42" status="run" result="completed" time="0.001" timestamp="2025-10-01T21:36:27.634" classname="UserSettingsServiceTest" />
    <testcase name="OverwriteSamePathByCaseInsensitiveKey" file="/Users/vinaysharma/developer/dedup_server/tests/unit/test_user_settings_service.cpp" line="63" status="run" result="completed" time="0.002" timestamp="2025-10-01T21:36:27.635" classname="UserSettingsServiceTest" />
    <testcase name="DeregisterMediaLocation" file="/Users/vinaysharma/developer/dedup_server/tests/unit/test_user_settings_service.cpp" line="82" status="run" result="completed" time="0.001" timestamp="2025-10-01T21:36:27.637" classname="UserSettingsServiceTest" />
  </testsuite>
  <testsuite name="ScannedFilesOpsTest" tests="2" failures="0" disabled="0" skipped="0" errors="0" time="0.009" timestamp="2025-10-01T21:36:27.639">
    <testcase name="CrudAndProcessingStates" file="/Users/vinaysharma/developer/dedup_server/tests/unit/test_scanned_files_ops.cpp" line="27" status="run" result="completed" time="0.005" timestamp="2025-10-01T21:36:27.639" classname="ScannedFilesOpsTest" />
    <testcase name="CountMethodVerification" file="/Users/vinaysharma/developer/dedup_server/tests/unit/test_scanned_files_ops.cpp" line="83" status="run" result="completed" time="0.004" timestamp="2025-10-01T21:36:27.644" classname="ScannedFilesOpsTest" />
  </testsuite>
  <testsuite name="ImageArtifactsOpsTest" tests="1" failures="0" disabled="0" skipped="0" errors="0" time="0.001" timestamp="2025-10-01T21:36:27.649">
    <testcase name="BasicTest" file="/Users/vinaysharma/developer/dedup_server/tests/unit/test_image_artifacts_ops.cpp" line="24" status="run" result="completed" time="0.001" timestamp="2025-10-01T21:36:27.649" classname="ImageArtifactsOpsTest" />
  </testsuite>
  <testsuite name="ThreadPoolManagerTest" tests="7" failures="0" disabled="0" skipped="0" errors="0" time="0.967" timestamp="2025-10-01T21:36:27.650">
    <testcase name="SchedulesWithSharesAndDrains" file="/Users/vinaysharma/developer/dedup_server/tests/unit/test_tpm.cpp" line="12" status="run" result="completed" time="0.054" timestamp="2025-10-01T21:36:27.650" classname="ThreadPoolManagerTest" />
    <testcase name="RespectsPerTypeSharesAtConcurrency" file="/Users/vinaysharma/developer/dedup_server/tests/unit/test_tpm.cpp" line="46" status="run" result="completed" time="0.017" timestamp="2025-10-01T21:36:27.705" classname="ThreadPoolManagerTest" />
    <testcase name="IdleTimeoutConfiguration_DefaultValue_Is120Seconds" file="/Users/vinaysharma/developer/dedup_server/tests/unit/test_tpm.cpp" line="99" status="run" result="completed" time="0." timestamp="2025-10-01T21:36:27.722" classname="ThreadPoolManagerTest" />
    <testcase name="IdleTimeoutConfiguration_ChangeValue_RecreatesThreadPool" file="/Users/vinaysharma/developer/dedup_server/tests/unit/test_tpm.cpp" line="114" status="run" result="completed" time="0.136" timestamp="2025-10-01T21:36:27.723" classname="ThreadPoolManagerTest" />
    <testcase name="IdleTimeoutConfiguration_InvalidValue_KeepsCurrentValue" file="/Users/vinaysharma/developer/dedup_server/tests/unit/test_tpm.cpp" line="158" status="run" result="completed" time="0.134" timestamp="2025-10-01T21:36:27.860" classname="ThreadPoolManagerTest" />
    <testcase name="GetQueueDepth" file="/Users/vinaysharma/developer/dedup_server/tests/unit/test_tpm.cpp" line="191" status="run" result="completed" time="0.216" timestamp="2025-10-01T21:36:27.994" classname="ThreadPoolManagerTest" />
    <testcase name="GetAllQueueDepths" file="/Users/vinaysharma/developer/dedup_server/tests/unit/test_tpm.cpp" line="234" status="run" result="completed" time="0.407" timestamp="2025-10-01T21:36:28.210" classname="ThreadPoolManagerTest" />
  </testsuite>
  <testsuite name="FileScannerTest" tests="2" failures="0" disabled="0" skipped="0" errors="0" time="0." timestamp="2025-10-01T21:36:28.618">
    <testcase name="RootMissingEmitsOneError" file="/Users/vinaysharma/developer/dedup_server/tests/unit/test_file_scanner.cpp" line="11" status="run" result="completed" time="0." timestamp="2025-10-01T21:36:28.618" classname="FileScannerTest" />
    <testcase name="EnumeratesNonRecursive" file="/Users/vinaysharma/developer/dedup_server/tests/unit/test_file_scanner.cpp" line="20" status="run" result="completed" time="0." timestamp="2025-10-01T21:36:28.618" classname="FileScannerTest" />
  </testsuite>
  <testsuite name="DiskCacheTest" tests="18" failures="0" disabled="0" skipped="0" errors="0" time="0.99" timestamp="2025-10-01T21:36:28.619">
    <testcase name="InitializeCreatesDirectory" file="/Users/vinaysharma/developer/dedup_server/tests/unit/test_disk_cache.cpp" line="89" status="run" result="completed" time="0.004" timestamp="2025-10-01T21:36:28.619" classname="DiskCacheTest" />
    <testcase name="InitializeClearsExistingCache" file="/Users/vinaysharma/developer/dedup_server/tests/unit/test_disk_cache.cpp" line="98" status="run" result="completed" time="0.003" timestamp="2025-10-01T21:36:28.623" classname="DiskCacheTest" />
    <testcase name="CopyToCache_Success" file="/Users/vinaysharma/developer/dedup_server/tests/unit/test_disk_cache.cpp" line="113" status="run" result="completed" time="0.007" timestamp="2025-10-01T21:36:28.627" classname="DiskCacheTest" />
    <testcase name="CopyToCache_NonExistentFile" file="/Users/vinaysharma/developer/dedup_server/tests/unit/test_disk_cache.cpp" line="129" status="run" result="completed" time="0.002" timestamp="2025-10-01T21:36:28.635" classname="DiskCacheTest" />
    <testcase name="CopyToCache_OverwritesSameName" file="/Users/vinaysharma/developer/dedup_server/tests/unit/test_disk_cache.cpp" line="137" status="run" result="completed" time="0.003" timestamp="2025-10-01T21:36:28.638" classname="DiskCacheTest" />
    <testcase name="SaveStreamToCache_Success" file="/Users/vinaysharma/developer/dedup_server/tests/unit/test_disk_cache.cpp" line="159" status="run" result="completed" time="0.002" timestamp="2025-10-01T21:36:28.641" classname="DiskCacheTest" />
    <testcase name="DeleteFromCache_Success" file="/Users/vinaysharma/developer/dedup_server/tests/unit/test_disk_cache.cpp" line="178" status="run" result="completed" time="0.004" timestamp="2025-10-01T21:36:28.644" classname="DiskCacheTest" />
    <testcase name="ClearCache_RemovesAllFiles" file="/Users/vinaysharma/developer/dedup_server/tests/unit/test_disk_cache.cpp" line="201" status="run" result="completed" time="0.012" timestamp="2025-10-01T21:36:28.648" classname="DiskCacheTest" />
    <testcase name="EnforceSizeLimit_RemovesOldestFiles" file="/Users/vinaysharma/developer/dedup_server/tests/unit/test_disk_cache.cpp" line="234" status="run" result="completed" time="0.334" timestamp="2025-10-01T21:36:28.661" classname="DiskCacheTest" />
    <testcase name="FileLargerThanLimit_ClearsCacheAndAllows" file="/Users/vinaysharma/developer/dedup_server/tests/unit/test_disk_cache.cpp" line="263" status="run" result="completed" time="0.021" timestamp="2025-10-01T21:36:28.996" classname="DiskCacheTest" />
    <testcase name="ConfigChange_Location_UpdatesCache" file="/Users/vinaysharma/developer/dedup_server/tests/unit/test_disk_cache.cpp" line="293" status="run" result="completed" time="0.104" timestamp="2025-10-01T21:36:29.018" classname="DiskCacheTest" />
    <testcase name="ConfigChange_SizeLimit_EnforcesNewLimit" file="/Users/vinaysharma/developer/dedup_server/tests/unit/test_disk_cache.cpp" line="314" status="run" result="completed" time="0.436" timestamp="2025-10-01T21:36:29.122" classname="DiskCacheTest" />
    <testcase name="ThreadSafety_ConcurrentOperations" file="/Users/vinaysharma/developer/dedup_server/tests/unit/test_disk_cache.cpp" line="345" status="run" result="completed" time="0.03" timestamp="2025-10-01T21:36:29.559" classname="DiskCacheTest" />
    <testcase name="GetCurrentSizeMB_ReturnsCorrectSize" file="/Users/vinaysharma/developer/dedup_server/tests/unit/test_disk_cache.cpp" line="378" status="run" result="completed" time="0.005" timestamp="2025-10-01T21:36:29.589" classname="DiskCacheTest" />
    <testcase name="GetSizeLimitMB_ReturnsConfiguredLimit" file="/Users/vinaysharma/developer/dedup_server/tests/unit/test_disk_cache.cpp" line="394" status="run" result="completed" time="0.003" timestamp="2025-10-01T21:36:29.595" classname="DiskCacheTest" />
    <testcase name="GetCacheLocation_ReturnsCorrectPath" file="/Users/vinaysharma/developer/dedup_server/tests/unit/test_disk_cache.cpp" line="401" status="run" result="completed" time="0.002" timestamp="2025-10-01T21:36:29.598" classname="DiskCacheTest" />
    <testcase name="InitializeWithDefaultValues_Works" file="/Users/vinaysharma/developer/dedup_server/tests/unit/test_disk_cache.cpp" line="410" status="run" result="completed" time="0.004" timestamp="2025-10-01T21:36:29.601" classname="DiskCacheTest" />
    <testcase name="CacheClearedOnRestart" file="/Users/vinaysharma/developer/dedup_server/tests/unit/test_disk_cache.cpp" line="428" status="run" result="completed" time="0.003" timestamp="2025-10-01T21:36:29.606" classname="DiskCacheTest" />
  </testsuite>
  <testsuite name="SchedulerServiceTest" tests="1" failures="0" disabled="0" skipped="0" errors="0" time="0.319" timestamp="2025-10-01T21:36:29.609">
    <testcase name="StopPreventsFutureDispatch" file="/Users/vinaysharma/developer/dedup_server/tests/unit/test_scheduler_service.cpp" line="13" status="run" result="completed" time="0.319" timestamp="2025-10-01T21:36:29.609" classname="SchedulerServiceTest" />
  </testsuite>
  <testsuite name="FilesManagerTest" tests="1" failures="0" disabled="0" skipped="0" errors="0" time="0.003" timestamp="2025-10-01T21:36:29.929">
    <testcase name="NonOverlapRunOnce" file="/Users/vinaysharma/developer/dedup_server/tests/unit/test_files_manager_scheduler.cpp" line="16" status="run" result="completed" time="0.003" timestamp="2025-10-01T21:36:29.929" classname="FilesManagerTest" />
  </testsuite>
  <testsuite name="FilesServiceImmediateScanTest" tests="7" failures="0" disabled="0" skipped="0" errors="0" time="0.005" timestamp="2025-10-01T21:36:29.933">
    <testcase name="RegisterMediaLocation_TriggersCallback" file="/Users/vinaysharma/developer/dedup_server/tests/unit/test_files_service_immediate_scan.cpp" line="79" status="run" result="completed" time="0." timestamp="2025-10-01T21:36:29.933" classname="FilesServiceImmediateScanTest" />
    <testcase name="RegisterMediaLocation_WithCallbackDisabled_DoesNotTriggerCallback" file="/Users/vinaysharma/developer/dedup_server/tests/unit/test_files_service_immediate_scan.cpp" line="94" status="run" result="completed" time="0." timestamp="2025-10-01T21:36:29.934" classname="FilesServiceImmediateScanTest" />
    <testcase name="RegisterMediaLocation_WithoutCallback_DoesNotCrash" file="/Users/vinaysharma/developer/dedup_server/tests/unit/test_files_service_immediate_scan.cpp" line="123" status="run" result="completed" time="0." timestamp="2025-10-01T21:36:29.934" classname="FilesServiceImmediateScanTest" />
    <testcase name="IsImmediateJobTriggerEnabled_ReturnsCorrectValue" file="/Users/vinaysharma/developer/dedup_server/tests/unit/test_files_service_immediate_scan.cpp" line="137" status="run" result="completed" time="0." timestamp="2025-10-01T21:36:29.935" classname="FilesServiceImmediateScanTest" />
    <testcase name="RegisterMediaLocation_WithInvalidDirectory_DoesNotTriggerCallback" file="/Users/vinaysharma/developer/dedup_server/tests/unit/test_files_service_immediate_scan.cpp" line="150" status="run" result="completed" time="0." timestamp="2025-10-01T21:36:29.936" classname="FilesServiceImmediateScanTest" />
    <testcase name="CallbackException_DoesNotCrashRegistration" file="/Users/vinaysharma/developer/dedup_server/tests/unit/test_files_service_immediate_scan.cpp" line="164" status="run" result="completed" time="0." timestamp="2025-10-01T21:36:29.936" classname="FilesServiceImmediateScanTest" />
    <testcase name="MultipleRegistrations_TriggerCallbackEachTime" file="/Users/vinaysharma/developer/dedup_server/tests/unit/test_files_service_immediate_scan.cpp" line="186" status="run" result="completed" time="0.001" timestamp="2025-10-01T21:36:29.937" classname="FilesServiceImmediateScanTest" />
  </testsuite>
  <testsuite name="ScheduledJobsIndependenceTest" tests="2" failures="0" disabled="0" skipped="0" errors="0" time="7.319" timestamp="2025-10-01T21:36:29.938">
    <testcase name="ScheduledJobsContinueAfterOnDemandTrigger" file="/Users/vinaysharma/developer/dedup_server/tests/unit/test_scheduled_jobs_independence.cpp" line="56" status="run" result="completed" time="2.646" timestamp="2025-10-01T21:36:29.938" classname="ScheduledJobsIndependenceTest" />
    <testcase name="OnDemandTriggerDoesNotAffectScheduledTiming" file="/Users/vinaysharma/developer/dedup_server/tests/unit/test_scheduled_jobs_independence.cpp" line="90" status="run" result="completed" time="4.672" timestamp="2025-10-01T21:36:32.585" classname="ScheduledJobsIndependenceTest" />
  </testsuite>
  <testsuite name="PropertyManagerTest" tests="8" failures="0" disabled="0" skipped="0" errors="0" time="0." timestamp="2025-10-01T21:36:37.258">
    <testcase name="CreateAndRetrieveProperties" file="/Users/vinaysharma/developer/dedup_server/tests/unit/test_property_manager.cpp" line="26" status="run" result="completed" time="0." timestamp="2025-10-01T21:36:37.258" classname="PropertyManagerTest" />
    <testcase name="PropertyValueOperations" file="/Users/vinaysharma/developer/dedup_server/tests/unit/test_property_manager.cpp" line="52" status="run" result="completed" time="0." timestamp="2025-10-01T21:36:37.258" classname="PropertyManagerTest" />
    <testcase name="PropertyManagement" file="/Users/vinaysharma/developer/dedup_server/tests/unit/test_property_manager.cpp" line="66" status="run" result="completed" time="0." timestamp="2025-10-01T21:36:37.258" classname="PropertyManagerTest" />
    <testcase name="ResetToDefaults" file="/Users/vinaysharma/developer/dedup_server/tests/unit/test_property_manager.cpp" line="83" status="run" result="completed" time="0." timestamp="2025-10-01T21:36:37.258" classname="PropertyManagerTest" />
    <testcase name="ClearProperties" file="/Users/vinaysharma/developer/dedup_server/tests/unit/test_property_manager.cpp" line="105" status="run" result="completed" time="0." timestamp="2025-10-01T21:36:37.258" classname="PropertyManagerTest" />
    <testcase name="ThreadSafety" file="/Users/vinaysharma/developer/dedup_server/tests/unit/test_property_manager.cpp" line="126" status="run" result="completed" time="0." timestamp="2025-10-01T21:36:37.258" classname="PropertyManagerTest" />
    <testcase name="PropertyOverwrite" file="/Users/vinaysharma/developer/dedup_server/tests/unit/test_property_manager.cpp" line="174" status="run" result="completed" time="0." timestamp="2025-10-01T21:36:37.258" classname="PropertyManagerTest" />
    <testcase name="DifferentPropertyTypes" file="/Users/vinaysharma/developer/dedup_server/tests/unit/test_property_manager.cpp" line="192" status="run" result="completed" time="0." timestamp="2025-10-01T21:36:37.258" classname="PropertyManagerTest" />
  </testsuite>
  <testsuite name="SwaggerUIHandlerTest" tests="5" failures="0" disabled="0" skipped="0" errors="0" time="0.003" timestamp="2025-10-01T21:36:37.258">
    <testcase name="ConfigManager" file="/Users/vinaysharma/developer/dedup_server/tests/unit/test_swagger_ui_handler.cpp" line="71" status="run" result="completed" time="0." timestamp="2025-10-01T21:36:37.258" classname="SwaggerUIHandlerTest" />
    <testcase name="WebRootPathValidation" file="/Users/vinaysharma/developer/dedup_server/tests/unit/test_swagger_ui_handler.cpp" line="79" status="run" result="completed" time="0." timestamp="2025-10-01T21:36:37.259" classname="SwaggerUIHandlerTest" />
    <testcase name="SwaggerUIFileContentValidation" file="/Users/vinaysharma/developer/dedup_server/tests/unit/test_swagger_ui_handler.cpp" line="96" status="run" result="completed" time="0." timestamp="2025-10-01T21:36:37.259" classname="SwaggerUIHandlerTest" />
    <testcase name="RootEndpointRouting" file="/Users/vinaysharma/developer/dedup_server/tests/unit/test_swagger_ui_handler.cpp" line="277" status="run" result="completed" time="0." timestamp="2025-10-01T21:36:37.260" classname="SwaggerUIHandlerTest" />
    <testcase name="SwaggerUIAssetsRouting" file="/Users/vinaysharma/developer/dedup_server/tests/unit/test_swagger_ui_handler.cpp" line="285" status="run" result="completed" time="0." timestamp="2025-10-01T21:36:37.260" classname="SwaggerUIHandlerTest" />
  </testsuite>
  <testsuite name="StaticFileHandlerTest" tests="8" failures="0" disabled="0" skipped="0" errors="0" time="0.004" timestamp="2025-10-01T21:36:37.261">
    <testcase name="Constructor" file="/Users/vinaysharma/developer/dedup_server/tests/unit/test_swagger_ui_handler.cpp" line="162" status="run" result="completed" time="0." timestamp="2025-10-01T21:36:37.261" classname="StaticFileHandlerTest" />
    <testcase name="ConstructorWithInvalidPath" file="/Users/vinaysharma/developer/dedup_server/tests/unit/test_swagger_ui_handler.cpp" line="170" status="run" result="completed" time="0." timestamp="2025-10-01T21:36:37.261" classname="StaticFileHandlerTest" />
    <testcase name="ConstructorWithEmptyPath" file="/Users/vinaysharma/developer/dedup_server/tests/unit/test_swagger_ui_handler.cpp" line="178" status="run" result="completed" time="0." timestamp="2025-10-01T21:36:37.262" classname="StaticFileHandlerTest" />
    <testcase name="FileExistenceChecking" file="/Users/vinaysharma/developer/dedup_server/tests/unit/test_swagger_ui_handler.cpp" line="186" status="run" result="completed" time="0." timestamp="2025-10-01T21:36:37.262" classname="StaticFileHandlerTest" />
    <testcase name="DirectoryStructure" file="/Users/vinaysharma/developer/dedup_server/tests/unit/test_swagger_ui_handler.cpp" line="202" status="run" result="completed" time="0." timestamp="2025-10-01T21:36:37.263" classname="StaticFileHandlerTest" />
    <testcase name="FileContentValidation" file="/Users/vinaysharma/developer/dedup_server/tests/unit/test_swagger_ui_handler.cpp" line="216" status="run" result="completed" time="0." timestamp="2025-10-01T21:36:37.263" classname="StaticFileHandlerTest" />
    <testcase name="PathHandling" file="/Users/vinaysharma/developer/dedup_server/tests/unit/test_swagger_ui_handler.cpp" line="244" status="run" result="completed" time="0." timestamp="2025-10-01T21:36:37.264" classname="StaticFileHandlerTest" />
    <testcase name="MIMETypeDetection" file="/Users/vinaysharma/developer/dedup_server/tests/unit/test_swagger_ui_handler.cpp" line="258" status="run" result="completed" time="0." timestamp="2025-10-01T21:36:37.265" classname="StaticFileHandlerTest" />
  </testsuite>
  <testsuite name="MediaProcessorTest" tests="25" failures="0" disabled="0" skipped="0" errors="0" time="1.835" timestamp="2025-10-01T21:36:37.265">
    <testcase name="RouteToProcessor_SupportedImageFile_ReturnsTrue" file="/Users/vinaysharma/developer/dedup_server/tests/unit/test_media_processor.cpp" line="128" status="run" result="completed" time="0.004" timestamp="2025-10-01T21:36:37.265" classname="MediaProcessorTest" />
    <testcase name="RouteToProcessor_UnsupportedFileType_ReturnsFalse" file="/Users/vinaysharma/developer/dedup_server/tests/unit/test_media_processor.cpp" line="137" status="run" result="completed" time="0.003" timestamp="2025-10-01T21:36:37.269" classname="MediaProcessorTest" />
    <testcase name="RouteToProcessor_DisabledFileType_ReturnsFalse" file="/Users/vinaysharma/developer/dedup_server/tests/unit/test_media_processor.cpp" line="146" status="run" result="completed" time="0.003" timestamp="2025-10-01T21:36:37.273" classname="MediaProcessorTest" />
    <testcase name="RouteToProcessor_EmptyFilePath_ReturnsFalse" file="/Users/vinaysharma/developer/dedup_server/tests/unit/test_media_processor.cpp" line="155" status="run" result="completed" time="0.003" timestamp="2025-10-01T21:36:37.277" classname="MediaProcessorTest" />
    <testcase name="RouteToProcessor_NoExtension_ReturnsFalse" file="/Users/vinaysharma/developer/dedup_server/tests/unit/test_media_processor.cpp" line="164" status="run" result="completed" time="0.003" timestamp="2025-10-01T21:36:37.280" classname="MediaProcessorTest" />
    <testcase name="RouteToProcessor_CaseInsensitiveExtension_Works" file="/Users/vinaysharma/developer/dedup_server/tests/unit/test_media_processor.cpp" line="173" status="run" result="completed" time="0.003" timestamp="2025-10-01T21:36:37.283" classname="MediaProcessorTest" />
    <testcase name="RouteToProcessor_RawImageFormat_Works" file="/Users/vinaysharma/developer/dedup_server/tests/unit/test_media_processor.cpp" line="185" status="run" result="completed" time="0.003" timestamp="2025-10-01T21:36:37.286" classname="MediaProcessorTest" />
    <testcase name="RouteToProcessor_DifferentServerModes_Work" file="/Users/vinaysharma/developer/dedup_server/tests/unit/test_media_processor.cpp" line="194" status="run" result="completed" time="0.003" timestamp="2025-10-01T21:36:37.290" classname="MediaProcessorTest" />
    <testcase name="RouteToProcessor_ThreadSafety_Works" file="/Users/vinaysharma/developer/dedup_server/tests/unit/test_media_processor.cpp" line="214" status="run" result="completed" time="0.014" timestamp="2025-10-01T21:36:37.293" classname="MediaProcessorTest" />
    <testcase name="RouteToProcessor_InvalidServerMode_DefaultsToFast" file="/Users/vinaysharma/developer/dedup_server/tests/unit/test_media_processor.cpp" line="240" status="run" result="completed" time="0.003" timestamp="2025-10-01T21:36:37.308" classname="MediaProcessorTest" />
    <testcase name="RouteToProcessor_VideoFile_ReturnsTrue" file="/Users/vinaysharma/developer/dedup_server/tests/unit/test_media_processor.cpp" line="252" status="run" result="completed" time="0.003" timestamp="2025-10-01T21:36:37.312" classname="MediaProcessorTest" />
    <testcase name="RouteToProcessor_AudioFile_ReturnsTrue" file="/Users/vinaysharma/developer/dedup_server/tests/unit/test_media_processor.cpp" line="264" status="run" result="completed" time="0.003" timestamp="2025-10-01T21:36:37.315" classname="MediaProcessorTest" />
    <testcase name="RouteToProcessor_MultipleVideoFormats_Work" file="/Users/vinaysharma/developer/dedup_server/tests/unit/test_media_processor.cpp" line="276" status="run" result="completed" time="0.004" timestamp="2025-10-01T21:36:37.318" classname="MediaProcessorTest" />
    <testcase name="RouteToProcessor_MultipleAudioFormats_Work" file="/Users/vinaysharma/developer/dedup_server/tests/unit/test_media_processor.cpp" line="298" status="run" result="completed" time="0.004" timestamp="2025-10-01T21:36:37.322" classname="MediaProcessorTest" />
    <testcase name="ProcessMedia_NoUnprocessedFiles_CompletesSuccessfully" file="/Users/vinaysharma/developer/dedup_server/tests/unit/test_media_processor.cpp" line="394" status="run" result="completed" time="0.003" timestamp="2025-10-01T21:36:37.327" classname="MediaProcessorTest" />
    <testcase name="ProcessMedia_WithUnprocessedFiles_ProcessesSuccessfully" file="/Users/vinaysharma/developer/dedup_server/tests/unit/test_media_processor.cpp" line="403" status="run" result="completed" time="0.505" timestamp="2025-10-01T21:36:37.330" classname="MediaProcessorTest" />
    <testcase name="ProcessMedia_WithMixedProcessedFiles_OnlyProcessesUnprocessed" file="/Users/vinaysharma/developer/dedup_server/tests/unit/test_media_processor.cpp" line="441" status="run" result="completed" time="0.508" timestamp="2025-10-01T21:36:37.836" classname="MediaProcessorTest" />
    <testcase name="ProcessMedia_WithUnsupportedFiles_MarksAsFailed" file="/Users/vinaysharma/developer/dedup_server/tests/unit/test_media_processor.cpp" line="480" status="run" result="completed" time="0.512" timestamp="2025-10-01T21:36:38.344" classname="MediaProcessorTest" />
    <testcase name="ProcessMedia_DisabledInConfig_DoesNotProcess" file="/Users/vinaysharma/developer/dedup_server/tests/unit/test_media_processor.cpp" line="506" status="run" result="completed" time="0.005" timestamp="2025-10-01T21:36:38.856" classname="MediaProcessorTest" />
    <testcase name="GetAllSupportedMediaExtensions_ReturnsAllConfiguredExtensions" file="/Users/vinaysharma/developer/dedup_server/tests/unit/test_media_processor.cpp" line="532" status="run" result="completed" time="0.003" timestamp="2025-10-01T21:36:38.862" classname="MediaProcessorTest" />
    <testcase name="ClearProcessingFlags_WithNoProcessingFiles_ReturnsZero" file="/Users/vinaysharma/developer/dedup_server/tests/unit/test_media_processor.cpp" line="569" status="run" result="completed" time="0.003" timestamp="2025-10-01T21:36:38.866" classname="MediaProcessorTest" />
    <testcase name="ClearProcessingFlags_WithProcessingFiles_ClearsAllFlags" file="/Users/vinaysharma/developer/dedup_server/tests/unit/test_media_processor.cpp" line="581" status="run" result="completed" time="0.005" timestamp="2025-10-01T21:36:38.869" classname="MediaProcessorTest" />
    <testcase name="ClearProcessingFlags_WithMixedStates_OnlyClearsProcessingFlags" file="/Users/vinaysharma/developer/dedup_server/tests/unit/test_media_processor.cpp" line="651" status="run" result="completed" time="0.004" timestamp="2025-10-01T21:36:38.875" classname="MediaProcessorTest" />
    <testcase name="TranscodingConfigChange_ReactsToConfigChanges" file="/Users/vinaysharma/developer/dedup_server/tests/unit/test_media_processor.cpp" line="679" status="run" result="completed" time="0.16" timestamp="2025-10-01T21:36:38.879" classname="MediaProcessorTest" />
    <testcase name="TranscodingConfigChange_HandlesInvalidValues" file="/Users/vinaysharma/developer/dedup_server/tests/unit/test_media_processor.cpp" line="714" status="run" result="completed" time="0.061" timestamp="2025-10-01T21:36:39.040" classname="MediaProcessorTest" />
  </testsuite>
  <testsuite name="ImageProcessorTest" tests="4" failures="0" disabled="0" skipped="0" errors="0" time="0.017" timestamp="2025-10-01T21:36:39.101">
    <testcase name="ProcessFast_WithInvalidFile_ReturnsTrue" file="/Users/vinaysharma/developer/dedup_server/tests/unit/test_media_processor.cpp" line="352" status="run" result="completed" time="0.006" timestamp="2025-10-01T21:36:39.101" classname="ImageProcessorTest" />
    <testcase name="ProcessBalanced_WithInvalidFile_ReturnsFalse" file="/Users/vinaysharma/developer/dedup_server/tests/unit/test_media_processor.cpp" line="362" status="run" result="completed" time="0.003" timestamp="2025-10-01T21:36:39.107" classname="ImageProcessorTest" />
    <testcase name="ProcessQuality_WithInvalidFile_ReturnsFalse" file="/Users/vinaysharma/developer/dedup_server/tests/unit/test_media_processor.cpp" line="372" status="run" result="completed" time="0.003" timestamp="2025-10-01T21:36:39.111" classname="ImageProcessorTest" />
    <testcase name="ProcessMethods_WithEmptyPath_ReturnExpectedResults" file="/Users/vinaysharma/developer/dedup_server/tests/unit/test_media_processor.cpp" line="382" status="run" result="completed" time="0.004" timestamp="2025-10-01T21:36:39.114" classname="ImageProcessorTest" />
  </testsuite>
  <testsuite name="ImageMagickAdapterTest" tests="6" failures="0" disabled="0" skipped="0" errors="0" time="6.039" timestamp="2025-10-01T21:36:39.118">
    <testcase name="TranscodeToTiff_WithValidRawFiles_ReturnsTrue" file="/Users/vinaysharma/developer/dedup_server/tests/unit/test_image_magick_adapter.cpp" line="37" status="run" result="completed" time="3.134" timestamp="2025-10-01T21:36:39.118" classname="ImageMagickAdapterTest" />
    <testcase name="TranscodeToTiff_WithNonRawFiles_ReturnsTrue" file="/Users/vinaysharma/developer/dedup_server/tests/unit/test_image_magick_adapter.cpp" line="68" status="run" result="completed" time="0.775" timestamp="2025-10-01T21:36:42.253" classname="ImageMagickAdapterTest" />
    <testcase name="TranscodeToTiff_WithNonExistentFile_ReturnsFalse" file="/Users/vinaysharma/developer/dedup_server/tests/unit/test_image_magick_adapter.cpp" line="89" status="run" result="completed" time="0." timestamp="2025-10-01T21:36:43.029" classname="ImageMagickAdapterTest" />
    <testcase name="TranscodeToTiff_WithEmptyPath_ReturnsFalse" file="/Users/vinaysharma/developer/dedup_server/tests/unit/test_image_magick_adapter.cpp" line="100" status="run" result="completed" time="0." timestamp="2025-10-01T21:36:43.029" classname="ImageMagickAdapterTest" />
    <testcase name="TranscodeToTiff_ThreadSafety_ConcurrentCalls" file="/Users/vinaysharma/developer/dedup_server/tests/unit/test_image_magick_adapter.cpp" line="111" status="run" result="completed" time="1.785" timestamp="2025-10-01T21:36:43.029" classname="ImageMagickAdapterTest" />
    <testcase name="TranscodeToTiff_OutputDataIntegrity" file="/Users/vinaysharma/developer/dedup_server/tests/unit/test_image_magick_adapter.cpp" line="154" status="run" result="completed" time="0.343" timestamp="2025-10-01T21:36:44.815" classname="ImageMagickAdapterTest" />
  </testsuite>
  <testsuite name="RawFileDetectorTest" tests="7" failures="0" disabled="0" skipped="0" errors="0" time="0." timestamp="2025-10-01T21:36:45.158">
    <testcase name="IsRawFile_WithRawExtensions_ReturnsTrue" file="/Users/vinaysharma/developer/dedup_server/tests/unit/test_raw_file_detector.cpp" line="23" status="run" result="completed" time="0." timestamp="2025-10-01T21:36:45.158" classname="RawFileDetectorTest" />
    <testcase name="IsRawFile_WithNonRawExtensions_ReturnsFalse" file="/Users/vinaysharma/developer/dedup_server/tests/unit/test_raw_file_detector.cpp" line="38" status="run" result="completed" time="0." timestamp="2025-10-01T21:36:45.158" classname="RawFileDetectorTest" />
    <testcase name="IsRawFile_WithEmptyPath_ReturnsFalse" file="/Users/vinaysharma/developer/dedup_server/tests/unit/test_raw_file_detector.cpp" line="52" status="run" result="completed" time="0." timestamp="2025-10-01T21:36:45.158" classname="RawFileDetectorTest" />
    <testcase name="IsRawFile_WithNoExtension_ReturnsFalse" file="/Users/vinaysharma/developer/dedup_server/tests/unit/test_raw_file_detector.cpp" line="58" status="run" result="completed" time="0." timestamp="2025-10-01T21:36:45.158" classname="RawFileDetectorTest" />
    <testcase name="GetFileExtension_WithVariousPaths_ReturnsCorrectExtension" file="/Users/vinaysharma/developer/dedup_server/tests/unit/test_raw_file_detector.cpp" line="64" status="run" result="completed" time="0." timestamp="2025-10-01T21:36:45.158" classname="RawFileDetectorTest" />
    <testcase name="GetSupportedRawExtensions_ReturnsExpectedExtensions" file="/Users/vinaysharma/developer/dedup_server/tests/unit/test_raw_file_detector.cpp" line="74" status="run" result="completed" time="0." timestamp="2025-10-01T21:36:45.158" classname="RawFileDetectorTest" />
    <testcase name="IsRawFile_CaseInsensitive_Works" file="/Users/vinaysharma/developer/dedup_server/tests/unit/test_raw_file_detector.cpp" line="100" status="run" result="completed" time="0." timestamp="2025-10-01T21:36:45.158" classname="RawFileDetectorTest" />
  </testsuite>
  <testsuite name="TranscodingPipelineTest" tests="12" failures="0" disabled="0" skipped="0" errors="0" time="0.106" timestamp="2025-10-01T21:36:45.158">
    <testcase name="NeedsTranscoding_WithRawFiles_ReturnsTrue" file="/Users/vinaysharma/developer/dedup_server/tests/unit/test_transcoding_pipeline.cpp" line="33" status="run" result="completed" time="0." timestamp="2025-10-01T21:36:45.158" classname="TranscodingPipelineTest" />
    <testcase name="NeedsTranscoding_WithNonRawFiles_ReturnsFalse" file="/Users/vinaysharma/developer/dedup_server/tests/unit/test_transcoding_pipeline.cpp" line="45" status="run" result="completed" time="0." timestamp="2025-10-01T21:36:45.159" classname="TranscodingPipelineTest" />
    <testcase name="NeedsTranscoding_WithEmptyPath_ReturnsFalse" file="/Users/vinaysharma/developer/dedup_server/tests/unit/test_transcoding_pipeline.cpp" line="57" status="run" result="completed" time="0." timestamp="2025-10-01T21:36:45.159" classname="TranscodingPipelineTest" />
    <testcase name="GetDefaultConfig_ReturnsValidConfig" file="/Users/vinaysharma/developer/dedup_server/tests/unit/test_transcoding_pipeline.cpp" line="62" status="run" result="completed" time="0." timestamp="2025-10-01T21:36:45.159" classname="TranscodingPipelineTest" />
    <testcase name="TranscodeToMemory_WithDisabledConfig_ReturnsFalse" file="/Users/vinaysharma/developer/dedup_server/tests/unit/test_transcoding_pipeline.cpp" line="71" status="run" result="completed" time="0." timestamp="2025-10-01T21:36:45.159" classname="TranscodingPipelineTest" />
    <testcase name="TranscodeToMemory_WithNonRawFile_ReturnsFalse" file="/Users/vinaysharma/developer/dedup_server/tests/unit/test_transcoding_pipeline.cpp" line="87" status="run" result="completed" time="0." timestamp="2025-10-01T21:36:45.159" classname="TranscodingPipelineTest" />
    <testcase name="TranscodeToMemory_WithNonExistentFile_ReturnsFalse" file="/Users/vinaysharma/developer/dedup_server/tests/unit/test_transcoding_pipeline.cpp" line="103" status="run" result="completed" time="0." timestamp="2025-10-01T21:36:45.159" classname="TranscodingPipelineTest" />
    <testcase name="TranscodeToMemory_WithEmptyPath_ReturnsFalse" file="/Users/vinaysharma/developer/dedup_server/tests/unit/test_transcoding_pipeline.cpp" line="117" status="run" result="completed" time="0." timestamp="2025-10-01T21:36:45.159" classname="TranscodingPipelineTest" />
    <testcase name="TranscodeToMemory_WithValidRawFile_ReturnsTrue" file="/Users/vinaysharma/developer/dedup_server/tests/unit/test_transcoding_pipeline.cpp" line="129" status="run" result="completed" time="0." timestamp="2025-10-01T21:36:45.159" classname="TranscodingPipelineTest" />
    <testcase name="TranscodeToMemory_WithValidConfig_Works" file="/Users/vinaysharma/developer/dedup_server/tests/unit/test_transcoding_pipeline.cpp" line="154" status="run" result="completed" time="0." timestamp="2025-10-01T21:36:45.160" classname="TranscodingPipelineTest" />
    <testcase name="GetConfigFromManager_WithNullManager_ReturnsDefaultConfig" file="/Users/vinaysharma/developer/dedup_server/tests/unit/test_transcoding_pipeline.cpp" line="180" status="run" result="completed" time="0." timestamp="2025-10-01T21:36:45.160" classname="TranscodingPipelineTest" />
    <testcase name="GetConfigFromManager_WithValidManager_ReturnsLoadedConfig" file="/Users/vinaysharma/developer/dedup_server/tests/unit/test_transcoding_pipeline.cpp" line="191" status="run" result="completed" time="0.105" timestamp="2025-10-01T21:36:45.160" classname="TranscodingPipelineTest" />
  </testsuite>
  <testsuite name="SchedulerConcurrencyTest" tests="5" failures="0" disabled="0" skipped="0" errors="0" time="0.81" timestamp="2025-10-01T21:36:45.265">
    <testcase name="TriggerJob_WhenNotRunning_ExecutesSuccessfully" file="/Users/vinaysharma/developer/dedup_server/tests/unit/test_scheduler_concurrency.cpp" line="41" status="run" result="completed" time="0.055" timestamp="2025-10-01T21:36:45.265" classname="SchedulerConcurrencyTest" />
    <testcase name="TriggerJob_WhenAlreadyRunning_SkipsExecution" file="/Users/vinaysharma/developer/dedup_server/tests/unit/test_scheduler_concurrency.cpp" line="75" status="run" result="completed" time="0.541" timestamp="2025-10-01T21:36:45.321" classname="SchedulerConcurrencyTest" />
    <testcase name="IsJobRunning_ReturnsCorrectState" file="/Users/vinaysharma/developer/dedup_server/tests/unit/test_scheduler_concurrency.cpp" line="118" status="run" result="completed" time="0.213" timestamp="2025-10-01T21:36:45.862" classname="SchedulerConcurrencyTest" />
    <testcase name="GetJobStatuses_ReturnsCorrectInformation" file="/Users/vinaysharma/developer/dedup_server/tests/unit/test_scheduler_concurrency.cpp" line="159" status="run" result="completed" time="0." timestamp="2025-10-01T21:36:46.075" classname="SchedulerConcurrencyTest" />
    <testcase name="ListJobs_ReturnsRegisteredJobs" file="/Users/vinaysharma/developer/dedup_server/tests/unit/test_scheduler_concurrency.cpp" line="175" status="run" result="completed" time="0." timestamp="2025-10-01T21:36:46.076" classname="SchedulerConcurrencyTest" />
  </testsuite>
  <testsuite name="QualityPipelineMemoryTest" tests="3" failures="0" disabled="0" skipped="0" errors="0" time="0.004" timestamp="2025-10-01T21:36:46.076">
    <testcase name="TestMemoryBasedProcessing" file="/Users/vinaysharma/developer/dedup_server/tests/unit/test_quality_pipeline_memory.cpp" line="52" status="run" result="completed" time="0.001" timestamp="2025-10-01T21:36:46.076" classname="QualityPipelineMemoryTest" />
    <testcase name="TestEmptyImageData" file="/Users/vinaysharma/developer/dedup_server/tests/unit/test_quality_pipeline_memory.cpp" line="74" status="run" result="completed" time="0.001" timestamp="2025-10-01T21:36:46.078" classname="QualityPipelineMemoryTest" />
    <testcase name="TestInvalidImageData" file="/Users/vinaysharma/developer/dedup_server/tests/unit/test_quality_pipeline_memory.cpp" line="88" status="run" result="completed" time="0." timestamp="2025-10-01T21:36:46.080" classname="QualityPipelineMemoryTest" />
  </testsuite>
  <testsuite name="OnnxSessionManagerTest" tests="6" failures="0" disabled="0" skipped="0" errors="0" time="2.392" timestamp="2025-10-01T21:36:46.081">
    <testcase name="InitializationAndShutdown" file="/Users/vinaysharma/developer/dedup_server/tests/unit/test_onnx_session_manager.cpp" line="12" status="run" result="completed" time="0." timestamp="2025-10-01T21:36:46.081" classname="OnnxSessionManagerTest" />
    <testcase name="SessionCreationAndReuse" file="/Users/vinaysharma/developer/dedup_server/tests/unit/test_onnx_session_manager.cpp" line="27" status="run" result="completed" time="0.222" timestamp="2025-10-01T21:36:46.081" classname="OnnxSessionManagerTest" />
    <testcase name="SessionPooling" file="/Users/vinaysharma/developer/dedup_server/tests/unit/test_onnx_session_manager.cpp" line="64" status="run" result="completed" time="0.328" timestamp="2025-10-01T21:36:46.303" classname="OnnxSessionManagerTest" />
    <testcase name="CacheDisabled" file="/Users/vinaysharma/developer/dedup_server/tests/unit/test_onnx_session_manager.cpp" line="99" status="run" result="completed" time="0.148" timestamp="2025-10-01T21:36:46.632" classname="OnnxSessionManagerTest" />
    <testcase name="ClearCache" file="/Users/vinaysharma/developer/dedup_server/tests/unit/test_onnx_session_manager.cpp" line="130" status="run" result="completed" time="0.16" timestamp="2025-10-01T21:36:46.780" classname="OnnxSessionManagerTest" />
    <testcase name="ThreadSafety" file="/Users/vinaysharma/developer/dedup_server/tests/unit/test_onnx_session_manager.cpp" line="162" status="run" result="completed" time="1.531" timestamp="2025-10-01T21:36:46.941" classname="OnnxSessionManagerTest" />
  </testsuite>
</testsuites>
